[ 2019-06-10T16:35:19+08:00 ] 180.161.101.115 /index.php?g=Admin&m=public&a=dologin
INFO: [ app_begin ] --START--
INFO: Run Behavior\ReadHtmlCacheBehavior [ RunTime:0.000019s ]
INFO: Run Behavior\CheckLangBehavior [ RunTime:0.000084s ]
INFO: [ app_begin ] --END-- [ RunTime:0.000142s ]
SQL: SHOW COLUMNS FROM `az_users` [ RunTime:0.0017s ]
SQL: SELECT * FROM `az_users` WHERE `user_login` = 'anzai' LIMIT 1   [ RunTime:0.0015s ]
SQL: SHOW COLUMNS FROM `az_role_user` [ RunTime:0.0015s ]
SQL: SELECT `role_id` FROM az_role_user a INNER JOIN az_role as b on a.role_id =b.id  WHERE `user_id` = '1' AND `status` = 1  [ RunTime:0.0012s ]
SQL: SHOW COLUMNS FROM `az_login_log` [ RunTime:0.0015s ]
SQL: INSERT INTO `az_login_log` (`ipaddress`,`uid`,`createtime`,`type`) VALUES ('180.161.101.115','1','1560155719','1') [ RunTime:0.0043s ]
SQL: UPDATE `az_users` SET `user_login`='anzai',`user_pass`='###d6d7e2009e3919a229414e366b545dd1',`user_nicename`='管理员',`user_email`='13622223333',`user_url`='',`avatar`='',`sex`='0',`birthday`='2018-04-04',`signature`='',`last_login_ip`='180.161.101.115',`last_login_time`='2019-06-10 16:35:19',`create_time`='2147483647',`user_activation_key`='2',`user_status`='1',`score`='0',`user_type`='1',`coin`='0',`mobile`='13622223333',`follow_num`='1',`gag`='1',`oauth_id`='',`did`='T201600271',`parent`='0',`wx_id`=NULL,`machine_code`=NULL,`q_r_code`='',`password_code`='' WHERE `id` = 1 [ RunTime:0.0034s ]

[ 2019-06-10T20:16:59+08:00 ] 180.161.101.115 /index.php?g=Admin&m=User&a=index&menuid=149
NOTIC: D方法实例化没找到模型类Common\Model\UserModel

[ 2019-06-10T20:17:18+08:00 ] 180.161.101.115 /index.php?g=Admin&m=User&a=index&menuid=149
NOTIC: D方法实例化没找到模型类Common\Model\UserModel

[ 2019-06-10T20:17:18+08:00 ] 180.161.101.115 /index.php?g=Admin&m=User&a=index&menuid=149
NOTIC: D方法实例化没找到模型类Common\Model\UserModel

[ 2019-06-10T20:17:47+08:00 ] 180.161.101.115 /index.php?g=Admin&m=ForHost&a=index&menuid=214
NOTIC: D方法实例化没找到模型类Common\Model\PostDiggModel
NOTIC: D方法实例化没找到模型类Common\Model\ForumModel
NOTIC: D方法实例化没找到模型类Common\Model\ForumPostModel
NOTIC: D方法实例化没找到模型类Common\Model\MessageContentModel
NOTIC: D方法实例化没找到模型类Common\Model\MessageModel
NOTIC: D方法实例化没找到模型类Common\Model\ForHostModel

[ 2019-06-10T20:17:50+08:00 ] 180.161.101.115 /index.php?g=Admin&m=Positioning&a=index&menuid=209
NOTIC: D方法实例化没找到模型类Common\Model\PostDiggModel
NOTIC: D方法实例化没找到模型类Common\Model\ForumModel
NOTIC: D方法实例化没找到模型类Common\Model\ForumPostModel
NOTIC: D方法实例化没找到模型类Common\Model\MessageContentModel
NOTIC: D方法实例化没找到模型类Common\Model\MessageModel
NOTIC: D方法实例化没找到模型类Common\Model\AddressModel

[ 2019-06-10T20:18:08+08:00 ] 180.161.101.115 /index.php?g=Admin&m=Feedback&a=index&menuid=207
NOTIC: D方法实例化没找到模型类Common\Model\PostDiggModel
NOTIC: D方法实例化没找到模型类Common\Model\ForumModel
NOTIC: D方法实例化没找到模型类Common\Model\ForumPostModel
NOTIC: D方法实例化没找到模型类Common\Model\MessageContentModel
NOTIC: D方法实例化没找到模型类Common\Model\MessageModel

[ 2019-06-10T20:18:18+08:00 ] 180.161.101.115 /index.php?g=Admin&m=Feedback&a=select&id=6
INFO: [ app_begin ] --START--
INFO: Run Behavior\ReadHtmlCacheBehavior [ RunTime:0.000019s ]
INFO: Run Behavior\CheckLangBehavior [ RunTime:0.000084s ]
INFO: [ app_begin ] --END-- [ RunTime:0.000140s ]
SQL: SHOW COLUMNS FROM `az_users` [ RunTime:0.0017s ]
SQL: SELECT * FROM `az_users` WHERE ( id=1 ) LIMIT 1   [ RunTime:0.0013s ]
SQL: SHOW COLUMNS FROM `az_weixin_options_link` [ RunTime:0.0015s ]
SQL: SELECT * FROM `az_weixin_options_link` WHERE ( uid=1 ) ORDER BY is_use desc  [ RunTime:0.0013s ]
SQL: SHOW COLUMNS FROM `az_weixin_options` [ RunTime:0.0015s ]
SQL: SELECT * FROM `az_weixin_options` WHERE `id` IN ('115','123') ORDER BY FIND_IN_SET(id,"115,123")  [ RunTime:0.0013s ]
SQL: SHOW COLUMNS FROM `az_users` [ RunTime:0.0016s ]
NOTIC: D方法实例化没找到模型类Common\Model\PostDiggModel
SQL: SHOW COLUMNS FROM `az_post_digg` [ RunTime:0.0014s ]
NOTIC: D方法实例化没找到模型类Common\Model\ForumModel
SQL: SHOW COLUMNS FROM `az_forum` [ RunTime:0.0015s ]
NOTIC: D方法实例化没找到模型类Common\Model\ForumPostModel
SQL: SHOW COLUMNS FROM `az_forum_post` [ RunTime:0.0015s ]
NOTIC: D方法实例化没找到模型类Common\Model\MessageContentModel
SQL: SHOW COLUMNS FROM `az_message_content` [ RunTime:0.0014s ]
NOTIC: D方法实例化没找到模型类Common\Model\MessageModel
SQL: SHOW COLUMNS FROM `az_message` [ RunTime:0.0015s ]
SQL: SHOW COLUMNS FROM `az_feedback` [ RunTime:0.0014s ]
SQL: SELECT * FROM `az_feedback` WHERE `id` = 6 LIMIT 1   [ RunTime:0.0014s ]
NOTIC: [8] Undefined index: url /data/wwwroot/olive/application/Common/Controller/AppframeController.class.php 第 24 行.
NOTIC: [8] Undefined index: status /data/wwwroot/olive/application/Common/Controller/AppframeController.class.php 第 25 行.

[ 2019-06-10T20:18:21+08:00 ] 180.161.101.115 /index.php?g=Admin&m=Feedback&a=select&id=10
INFO: [ app_begin ] --START--
INFO: Run Behavior\ReadHtmlCacheBehavior [ RunTime:0.000021s ]
INFO: Run Behavior\CheckLangBehavior [ RunTime:0.000083s ]
INFO: [ app_begin ] --END-- [ RunTime:0.000140s ]
SQL: SHOW COLUMNS FROM `az_users` [ RunTime:0.0018s ]
SQL: SELECT * FROM `az_users` WHERE ( id=1 ) LIMIT 1   [ RunTime:0.0013s ]
SQL: SHOW COLUMNS FROM `az_weixin_options_link` [ RunTime:0.0016s ]
SQL: SELECT * FROM `az_weixin_options_link` WHERE ( uid=1 ) ORDER BY is_use desc  [ RunTime:0.0013s ]
SQL: SHOW COLUMNS FROM `az_weixin_options` [ RunTime:0.0016s ]
SQL: SELECT * FROM `az_weixin_options` WHERE `id` IN ('115','123') ORDER BY FIND_IN_SET(id,"115,123")  [ RunTime:0.0013s ]
SQL: SHOW COLUMNS FROM `az_users` [ RunTime:0.0016s ]
NOTIC: D方法实例化没找到模型类Common\Model\PostDiggModel
SQL: SHOW COLUMNS FROM `az_post_digg` [ RunTime:0.0015s ]
NOTIC: D方法实例化没找到模型类Common\Model\ForumModel
SQL: SHOW COLUMNS FROM `az_forum` [ RunTime:0.0015s ]
NOTIC: D方法实例化没找到模型类Common\Model\ForumPostModel
SQL: SHOW COLUMNS FROM `az_forum_post` [ RunTime:0.0015s ]
NOTIC: D方法实例化没找到模型类Common\Model\MessageContentModel
SQL: SHOW COLUMNS FROM `az_message_content` [ RunTime:0.0015s ]
NOTIC: D方法实例化没找到模型类Common\Model\MessageModel
SQL: SHOW COLUMNS FROM `az_message` [ RunTime:0.0015s ]
SQL: SHOW COLUMNS FROM `az_feedback` [ RunTime:0.0015s ]
SQL: SELECT * FROM `az_feedback` WHERE `id` = 10 LIMIT 1   [ RunTime:0.0014s ]
NOTIC: [8] Undefined index: url /data/wwwroot/olive/application/Common/Controller/AppframeController.class.php 第 24 行.
NOTIC: [8] Undefined index: status /data/wwwroot/olive/application/Common/Controller/AppframeController.class.php 第 25 行.

[ 2019-06-10T20:18:29+08:00 ] 180.161.101.115 /index.php?g=Admin&m=ForHost&a=index&menuid=214
NOTIC: D方法实例化没找到模型类Common\Model\PostDiggModel
NOTIC: D方法实例化没找到模型类Common\Model\ForumModel
NOTIC: D方法实例化没找到模型类Common\Model\ForumPostModel
NOTIC: D方法实例化没找到模型类Common\Model\MessageContentModel
NOTIC: D方法实例化没找到模型类Common\Model\MessageModel
NOTIC: D方法实例化没找到模型类Common\Model\ForHostModel

[ 2019-06-10T20:22:40+08:00 ] 180.161.101.115 /index.php?g=Admin&m=User&a=index&menuid=149
NOTIC: D方法实例化没找到模型类Common\Model\UserModel

[ 2019-06-10T20:22:49+08:00 ] 180.161.101.115 /index.php?g=Admin&m=User&a=index&menuid=149
NOTIC: D方法实例化没找到模型类Common\Model\UserModel

[ 2019-06-10T20:22:53+08:00 ] 180.161.101.115 /index.php?g=Admin&m=ForHost&a=index&menuid=214
NOTIC: D方法实例化没找到模型类Common\Model\PostDiggModel
NOTIC: D方法实例化没找到模型类Common\Model\ForumModel
NOTIC: D方法实例化没找到模型类Common\Model\ForumPostModel
NOTIC: D方法实例化没找到模型类Common\Model\MessageContentModel
NOTIC: D方法实例化没找到模型类Common\Model\MessageModel
NOTIC: D方法实例化没找到模型类Common\Model\ForHostModel

[ 2019-06-10T20:26:23+08:00 ] 180.161.101.115 /index.php?g=Admin&m=ForHost&a=index&menuid=214
NOTIC: D方法实例化没找到模型类Common\Model\PostDiggModel
NOTIC: D方法实例化没找到模型类Common\Model\ForumModel
NOTIC: D方法实例化没找到模型类Common\Model\ForumPostModel
NOTIC: D方法实例化没找到模型类Common\Model\MessageContentModel
NOTIC: D方法实例化没找到模型类Common\Model\MessageModel
NOTIC: D方法实例化没找到模型类Common\Model\ForHostModel

[ 2019-06-10T20:26:25+08:00 ] 180.161.101.115 /index.php?g=Admin&m=Positioning&a=index&menuid=209
NOTIC: D方法实例化没找到模型类Common\Model\PostDiggModel
NOTIC: D方法实例化没找到模型类Common\Model\ForumModel
NOTIC: D方法实例化没找到模型类Common\Model\ForumPostModel
NOTIC: D方法实例化没找到模型类Common\Model\MessageContentModel
NOTIC: D方法实例化没找到模型类Common\Model\MessageModel
NOTIC: D方法实例化没找到模型类Common\Model\AddressModel

[ 2019-06-10T20:26:26+08:00 ] 180.161.101.115 /index.php?g=Admin&m=Feedback&a=index&menuid=207
NOTIC: D方法实例化没找到模型类Common\Model\PostDiggModel
NOTIC: D方法实例化没找到模型类Common\Model\ForumModel
NOTIC: D方法实例化没找到模型类Common\Model\ForumPostModel
NOTIC: D方法实例化没找到模型类Common\Model\MessageContentModel
NOTIC: D方法实例化没找到模型类Common\Model\MessageModel

[ 2019-06-10T20:26:27+08:00 ] 180.161.101.115 /index.php?g=Admin&m=Withdraw&a=withdrawal&menuid=205
NOTIC: D方法实例化没找到模型类Common\Model\PostDiggModel
NOTIC: D方法实例化没找到模型类Common\Model\ForumModel
NOTIC: D方法实例化没找到模型类Common\Model\ForumPostModel
NOTIC: D方法实例化没找到模型类Common\Model\MessageContentModel
NOTIC: D方法实例化没找到模型类Common\Model\MessageModel
NOTIC: D方法实例化没找到模型类Common\Model\WithdrawModel

[ 2019-06-10T20:26:29+08:00 ] 180.161.101.115 /index.php?g=Admin&m=Message&a=index&menuid=192
NOTIC: D方法实例化没找到模型类Common\Model\PostDiggModel
NOTIC: D方法实例化没找到模型类Common\Model\ForumModel
NOTIC: D方法实例化没找到模型类Common\Model\ForumPostModel
NOTIC: D方法实例化没找到模型类Common\Model\MessageContentModel
NOTIC: D方法实例化没找到模型类Common\Model\MessageModel

[ 2019-06-10T20:26:34+08:00 ] 180.161.101.115 /index.php?g=Admin&m=Message&a=index&menuid=192
NOTIC: D方法实例化没找到模型类Common\Model\PostDiggModel
NOTIC: D方法实例化没找到模型类Common\Model\ForumModel
NOTIC: D方法实例化没找到模型类Common\Model\ForumPostModel
NOTIC: D方法实例化没找到模型类Common\Model\MessageContentModel
NOTIC: D方法实例化没找到模型类Common\Model\MessageModel

[ 2019-06-10T20:26:35+08:00 ] 180.161.101.115 /index.php?g=Admin&m=Withdraw&a=withdrawal&menuid=205
NOTIC: D方法实例化没找到模型类Common\Model\PostDiggModel
NOTIC: D方法实例化没找到模型类Common\Model\ForumModel
NOTIC: D方法实例化没找到模型类Common\Model\ForumPostModel
NOTIC: D方法实例化没找到模型类Common\Model\MessageContentModel
NOTIC: D方法实例化没找到模型类Common\Model\MessageModel
NOTIC: D方法实例化没找到模型类Common\Model\WithdrawModel

[ 2019-06-10T20:26:37+08:00 ] 180.161.101.115 /index.php?g=Admin&m=Feedback&a=index&menuid=207
NOTIC: D方法实例化没找到模型类Common\Model\PostDiggModel
NOTIC: D方法实例化没找到模型类Common\Model\ForumModel
NOTIC: D方法实例化没找到模型类Common\Model\ForumPostModel
NOTIC: D方法实例化没找到模型类Common\Model\MessageContentModel
NOTIC: D方法实例化没找到模型类Common\Model\MessageModel

[ 2019-06-10T20:26:38+08:00 ] 180.161.101.115 /index.php?g=Admin&m=Positioning&a=index&menuid=209
NOTIC: D方法实例化没找到模型类Common\Model\PostDiggModel
NOTIC: D方法实例化没找到模型类Common\Model\ForumModel
NOTIC: D方法实例化没找到模型类Common\Model\ForumPostModel
NOTIC: D方法实例化没找到模型类Common\Model\MessageContentModel
NOTIC: D方法实例化没找到模型类Common\Model\MessageModel
NOTIC: D方法实例化没找到模型类Common\Model\AddressModel

[ 2019-06-10T20:26:59+08:00 ] 180.161.101.115 /index.php?g=Admin&m=Feedback&a=index&menuid=207
NOTIC: D方法实例化没找到模型类Common\Model\PostDiggModel
NOTIC: D方法实例化没找到模型类Common\Model\ForumModel
NOTIC: D方法实例化没找到模型类Common\Model\ForumPostModel
NOTIC: D方法实例化没找到模型类Common\Model\MessageContentModel
NOTIC: D方法实例化没找到模型类Common\Model\MessageModel

[ 2019-06-10T20:27:01+08:00 ] 180.161.101.115 /index.php?g=Admin&m=Message&a=index&menuid=192
NOTIC: D方法实例化没找到模型类Common\Model\PostDiggModel
NOTIC: D方法实例化没找到模型类Common\Model\ForumModel
NOTIC: D方法实例化没找到模型类Common\Model\ForumPostModel
NOTIC: D方法实例化没找到模型类Common\Model\MessageContentModel
NOTIC: D方法实例化没找到模型类Common\Model\MessageModel

[ 2019-06-10T20:27:57+08:00 ] 180.161.101.115 /index.php?g=Admin&m=Withdraw&a=withdrawal&menuid=205
NOTIC: D方法实例化没找到模型类Common\Model\PostDiggModel
NOTIC: D方法实例化没找到模型类Common\Model\ForumModel
NOTIC: D方法实例化没找到模型类Common\Model\ForumPostModel
NOTIC: D方法实例化没找到模型类Common\Model\MessageContentModel
NOTIC: D方法实例化没找到模型类Common\Model\MessageModel
NOTIC: D方法实例化没找到模型类Common\Model\WithdrawModel

[ 2019-06-10T20:27:58+08:00 ] 180.161.101.115 /index.php?g=Admin&m=Feedback&a=index&menuid=207
NOTIC: D方法实例化没找到模型类Common\Model\PostDiggModel
NOTIC: D方法实例化没找到模型类Common\Model\ForumModel
NOTIC: D方法实例化没找到模型类Common\Model\ForumPostModel
NOTIC: D方法实例化没找到模型类Common\Model\MessageContentModel
NOTIC: D方法实例化没找到模型类Common\Model\MessageModel

[ 2019-06-10T20:27:59+08:00 ] 180.161.101.115 /index.php?g=Admin&m=Withdraw&a=withdrawal&menuid=205
NOTIC: D方法实例化没找到模型类Common\Model\PostDiggModel
NOTIC: D方法实例化没找到模型类Common\Model\ForumModel
NOTIC: D方法实例化没找到模型类Common\Model\ForumPostModel
NOTIC: D方法实例化没找到模型类Common\Model\MessageContentModel
NOTIC: D方法实例化没找到模型类Common\Model\MessageModel
NOTIC: D方法实例化没找到模型类Common\Model\WithdrawModel

[ 2019-06-10T20:28:42+08:00 ] 180.161.101.115 /index.php?g=Admin&m=Feedback&a=index&menuid=207
NOTIC: D方法实例化没找到模型类Common\Model\PostDiggModel
NOTIC: D方法实例化没找到模型类Common\Model\ForumModel
NOTIC: D方法实例化没找到模型类Common\Model\ForumPostModel
NOTIC: D方法实例化没找到模型类Common\Model\MessageContentModel
NOTIC: D方法实例化没找到模型类Common\Model\MessageModel

[ 2019-06-10T20:28:43+08:00 ] 180.161.101.115 /index.php?g=Admin&m=Positioning&a=index&menuid=209
NOTIC: D方法实例化没找到模型类Common\Model\PostDiggModel
NOTIC: D方法实例化没找到模型类Common\Model\ForumModel
NOTIC: D方法实例化没找到模型类Common\Model\ForumPostModel
NOTIC: D方法实例化没找到模型类Common\Model\MessageContentModel
NOTIC: D方法实例化没找到模型类Common\Model\MessageModel
NOTIC: D方法实例化没找到模型类Common\Model\AddressModel

[ 2019-06-10T20:28:44+08:00 ] 180.161.101.115 /index.php?g=Admin&m=ForHost&a=index&menuid=214
NOTIC: D方法实例化没找到模型类Common\Model\PostDiggModel
NOTIC: D方法实例化没找到模型类Common\Model\ForumModel
NOTIC: D方法实例化没找到模型类Common\Model\ForumPostModel
NOTIC: D方法实例化没找到模型类Common\Model\MessageContentModel
NOTIC: D方法实例化没找到模型类Common\Model\MessageModel
NOTIC: D方法实例化没找到模型类Common\Model\ForHostModel

[ 2019-06-10T20:29:06+08:00 ] 180.161.101.115 /index.php?g=Admin&m=Feedback&a=index&menuid=207
NOTIC: D方法实例化没找到模型类Common\Model\PostDiggModel
NOTIC: D方法实例化没找到模型类Common\Model\ForumModel
NOTIC: D方法实例化没找到模型类Common\Model\ForumPostModel
NOTIC: D方法实例化没找到模型类Common\Model\MessageContentModel
NOTIC: D方法实例化没找到模型类Common\Model\MessageModel

[ 2019-06-10T20:29:19+08:00 ] 180.161.101.115 /index.php?g=Admin&m=Withdraw&a=withdrawal&menuid=205
NOTIC: D方法实例化没找到模型类Common\Model\PostDiggModel
NOTIC: D方法实例化没找到模型类Common\Model\ForumModel
NOTIC: D方法实例化没找到模型类Common\Model\ForumPostModel
NOTIC: D方法实例化没找到模型类Common\Model\MessageContentModel
NOTIC: D方法实例化没找到模型类Common\Model\MessageModel
NOTIC: D方法实例化没找到模型类Common\Model\WithdrawModel

[ 2019-06-10T20:29:20+08:00 ] 180.161.101.115 /index.php?g=Admin&m=Message&a=index&menuid=192
NOTIC: D方法实例化没找到模型类Common\Model\PostDiggModel
NOTIC: D方法实例化没找到模型类Common\Model\ForumModel
NOTIC: D方法实例化没找到模型类Common\Model\ForumPostModel
NOTIC: D方法实例化没找到模型类Common\Model\MessageContentModel
NOTIC: D方法实例化没找到模型类Common\Model\MessageModel

[ 2019-06-10T20:33:17+08:00 ] 180.161.101.115 /index.php?g=Admin&m=Message&a=index&menuid=192
NOTIC: D方法实例化没找到模型类Common\Model\PostDiggModel
NOTIC: D方法实例化没找到模型类Common\Model\ForumModel
NOTIC: D方法实例化没找到模型类Common\Model\ForumPostModel
NOTIC: D方法实例化没找到模型类Common\Model\MessageContentModel
NOTIC: D方法实例化没找到模型类Common\Model\MessageModel

[ 2019-06-10T20:33:18+08:00 ] 180.161.101.115 /index.php?g=Admin&m=Withdraw&a=withdrawal&menuid=205
NOTIC: D方法实例化没找到模型类Common\Model\PostDiggModel
NOTIC: D方法实例化没找到模型类Common\Model\ForumModel
NOTIC: D方法实例化没找到模型类Common\Model\ForumPostModel
NOTIC: D方法实例化没找到模型类Common\Model\MessageContentModel
NOTIC: D方法实例化没找到模型类Common\Model\MessageModel
NOTIC: D方法实例化没找到模型类Common\Model\WithdrawModel

[ 2019-06-10T20:33:20+08:00 ] 180.161.101.115 /index.php?g=Admin&m=Message&a=index&menuid=192
NOTIC: D方法实例化没找到模型类Common\Model\PostDiggModel
NOTIC: D方法实例化没找到模型类Common\Model\ForumModel
NOTIC: D方法实例化没找到模型类Common\Model\ForumPostModel
NOTIC: D方法实例化没找到模型类Common\Model\MessageContentModel
NOTIC: D方法实例化没找到模型类Common\Model\MessageModel

