[ 2020-06-22T13:33:16+08:00 ] 127.0.0.1 /index.php?g=Admin&m=public&a=dologin
INFO: [ app_begin ] --START--
INFO: Run Behavior\ReadHtmlCacheBehavior [ RunTime:0.000495s ]
INFO: Run Behavior\CheckLangBehavior [ RunTime:0.002923s ]
INFO: [ app_begin ] --END-- [ RunTime:0.003949s ]
SQL: SHOW COLUMNS FROM `az_users` [ RunTime:0.0613s ]
SQL: SELECT * FROM `az_users` WHERE `user_login` = 'anzai' LIMIT 1   [ RunTime:0.0470s ]

[ 2020-06-22T13:33:21+08:00 ] 127.0.0.1 /index.php?g=Admin&m=public&a=dologin
INFO: [ app_begin ] --START--
INFO: Run Behavior\ReadHtmlCacheBehavior [ RunTime:0.000439s ]
INFO: Run Behavior\CheckLangBehavior [ RunTime:0.001511s ]
INFO: [ app_begin ] --END-- [ RunTime:0.002572s ]
SQL: SHOW COLUMNS FROM `az_users` [ RunTime:0.0509s ]
SQL: SELECT * FROM `az_users` WHERE `user_login` = 'anzai' LIMIT 1   [ RunTime:0.0800s ]
SQL: SHOW COLUMNS FROM `az_role_user` [ RunTime:0.0721s ]
SQL: SELECT `role_id` FROM az_role_user a INNER JOIN az_role as b on a.role_id =b.id  WHERE `user_id` = '1' AND `status` = 1  [ RunTime:0.1007s ]
SQL: SHOW COLUMNS FROM `az_login_log` [ RunTime:0.0446s ]
SQL: INSERT INTO `az_login_log` (`ipaddress`,`uid`,`createtime`,`type`) VALUES ('127.0.0.1','1','1592804001','1') [ RunTime:0.0425s ]
SQL: UPDATE `az_users` SET `user_login`='anzai',`user_pass`='###d6d7e2009e3919a229414e366b545dd1',`user_nicename`='管理员',`user_email`='13622223333',`user_url`='',`avatar`='',`sex`='0',`birthday`='2018-04-04',`signature`='',`last_login_ip`='127.0.0.1',`last_login_time`='2020-06-22 13:33:21',`create_time`='2147483647',`user_activation_key`='2',`user_status`='1',`score`='0',`user_type`='1',`coin`='0',`mobile`='13622223333',`follow_num`='1',`gag`='1',`oauth_id`='',`did`='T201600271',`parent`='0',`wx_id`=NULL,`machine_code`=NULL,`q_r_code`='',`password_code`='' WHERE `id` = 1 [ RunTime:0.0939s ]

[ 2020-06-22T13:33:34+08:00 ] 127.0.0.1 /index.php?g=Admin&m=Menu&a=index&menuid=100
NOTIC: D方法实例化没找到模型类Common\Model\AuthRuleModel

[ 2020-06-22T13:34:01+08:00 ] 127.0.0.1 /index.php?g=Admin&m=Menu&a=edit&id=1&menuid=100
NOTIC: D方法实例化没找到模型类Common\Model\AuthRuleModel

[ 2020-06-22T13:34:06+08:00 ] 127.0.0.1 /index.php?g=Admin&m=Menu&a=edit_post
INFO: [ app_begin ] --START--
INFO: Run Behavior\ReadHtmlCacheBehavior [ RunTime:0.000384s ]
INFO: Run Behavior\CheckLangBehavior [ RunTime:0.001720s ]
INFO: [ app_begin ] --END-- [ RunTime:0.002548s ]
SQL: SHOW COLUMNS FROM `az_users` [ RunTime:0.0416s ]
SQL: SELECT * FROM `az_users` WHERE ( id=1 ) LIMIT 1   [ RunTime:0.0456s ]
SQL: SHOW COLUMNS FROM `az_weixin_options_link` [ RunTime:0.1136s ]
SQL: SELECT * FROM `az_weixin_options_link` WHERE ( uid=1 ) ORDER BY is_use desc  [ RunTime:0.0387s ]
SQL: SHOW COLUMNS FROM `az_weixin_options` [ RunTime:0.0407s ]
SQL: SELECT * FROM `az_weixin_options` WHERE `id` IN ('115','123') ORDER BY FIND_IN_SET(id,"115,123")  [ RunTime:0.0397s ]
SQL: SHOW COLUMNS FROM `az_menu` [ RunTime:0.0508s ]
NOTIC: D方法实例化没找到模型类Common\Model\AuthRuleModel
SQL: SHOW COLUMNS FROM `az_auth_rule` [ RunTime:0.0630s ]
SQL: SELECT `id` FROM `az_menu` WHERE `app` = 'Admin' AND `model` = 'Content' AND `action` = 'default' LIMIT 1   [ RunTime:0.0511s ]
SQL: UPDATE `az_menu` SET `parentid`='0',`name`='活动管理',`app`='Admin',`model`='Content',`action`='default',`data`='',`icon`='th',`remark`='',`status`='1',`type`='0' WHERE `id` = 1 [ RunTime:0.0687s ]
SQL: SELECT * FROM `az_auth_rule` WHERE `name` = 'admin/content/default' LIMIT 1   [ RunTime:0.0721s ]
SQL: UPDATE `az_auth_rule` SET `name`='admin/content/default',`module`='Admin',`type`='admin_url',`title`='活动管理' WHERE `name` = 'admin/content/default' [ RunTime:0.0924s ]

[ 2020-06-22T13:34:07+08:00 ] 127.0.0.1 /index.php?g=Admin&m=Menu&a=edit&id=1&menuid=100
NOTIC: D方法实例化没找到模型类Common\Model\AuthRuleModel

[ 2020-06-22T13:34:13+08:00 ] 127.0.0.1 /index.php?g=Admin&m=Menu&a=edit&id=1&menuid=100
NOTIC: D方法实例化没找到模型类Common\Model\AuthRuleModel

[ 2020-06-22T13:35:22+08:00 ] 127.0.0.1 /index.php?g=Admin&m=Menu&a=edit&id=188&menuid=100
NOTIC: D方法实例化没找到模型类Common\Model\AuthRuleModel

[ 2020-06-22T13:35:28+08:00 ] 127.0.0.1 /index.php?g=Admin&m=Menu&a=edit_post
INFO: [ app_begin ] --START--
INFO: Run Behavior\ReadHtmlCacheBehavior [ RunTime:0.000389s ]
INFO: Run Behavior\CheckLangBehavior [ RunTime:0.001045s ]
INFO: [ app_begin ] --END-- [ RunTime:0.001885s ]
SQL: SHOW COLUMNS FROM `az_users` [ RunTime:0.0411s ]
SQL: SELECT * FROM `az_users` WHERE ( id=1 ) LIMIT 1   [ RunTime:0.0770s ]
SQL: SHOW COLUMNS FROM `az_weixin_options_link` [ RunTime:0.0375s ]
SQL: SELECT * FROM `az_weixin_options_link` WHERE ( uid=1 ) ORDER BY is_use desc  [ RunTime:0.0410s ]
SQL: SHOW COLUMNS FROM `az_weixin_options` [ RunTime:0.0407s ]
SQL: SELECT * FROM `az_weixin_options` WHERE `id` IN ('115','123') ORDER BY FIND_IN_SET(id,"115,123")  [ RunTime:0.0397s ]
SQL: SHOW COLUMNS FROM `az_menu` [ RunTime:0.0655s ]
NOTIC: D方法实例化没找到模型类Common\Model\AuthRuleModel
SQL: SHOW COLUMNS FROM `az_auth_rule` [ RunTime:0.0380s ]
SQL: SELECT `id` FROM `az_menu` WHERE `app` = 'Admin' AND `model` = 'CircleOfFriends' AND `action` = 'default' LIMIT 1   [ RunTime:0.4053s ]
SQL: UPDATE `az_menu` SET `parentid`='0',`name`='朋友圈管理',`app`='Admin',`model`='CircleOfFriends',`action`='default',`data`='',`icon`='cogs',`remark`='',`status`='1',`type`='1' WHERE `id` = 188 [ RunTime:0.1185s ]
SQL: SELECT * FROM `az_auth_rule` WHERE `name` = 'admin/circleoffriends/default' LIMIT 1   [ RunTime:0.0946s ]
SQL: UPDATE `az_auth_rule` SET `name`='admin/circleoffriends/default',`module`='Admin',`type`='admin_url',`title`='朋友圈管理' WHERE `name` = 'admin/circleoffriends/default' [ RunTime:0.0817s ]

[ 2020-06-22T13:35:29+08:00 ] 127.0.0.1 /index.php?g=Admin&m=Menu&a=edit&id=188&menuid=100
NOTIC: D方法实例化没找到模型类Common\Model\AuthRuleModel

[ 2020-06-22T13:35:36+08:00 ] 127.0.0.1 /index.php?g=Admin&m=Menu&a=edit&id=183&menuid=100
NOTIC: D方法实例化没找到模型类Common\Model\AuthRuleModel

[ 2020-06-22T13:35:41+08:00 ] 127.0.0.1 /index.php?g=Admin&m=Menu&a=edit_post
INFO: [ app_begin ] --START--
INFO: Run Behavior\ReadHtmlCacheBehavior [ RunTime:0.000454s ]
INFO: Run Behavior\CheckLangBehavior [ RunTime:0.001049s ]
INFO: [ app_begin ] --END-- [ RunTime:0.001981s ]
SQL: SHOW COLUMNS FROM `az_users` [ RunTime:0.0820s ]
SQL: SELECT * FROM `az_users` WHERE ( id=1 ) LIMIT 1   [ RunTime:0.0393s ]
SQL: SHOW COLUMNS FROM `az_weixin_options_link` [ RunTime:0.0419s ]
SQL: SELECT * FROM `az_weixin_options_link` WHERE ( uid=1 ) ORDER BY is_use desc  [ RunTime:0.0935s ]
SQL: SHOW COLUMNS FROM `az_weixin_options` [ RunTime:0.0660s ]
SQL: SELECT * FROM `az_weixin_options` WHERE `id` IN ('115','123') ORDER BY FIND_IN_SET(id,"115,123")  [ RunTime:0.0944s ]
SQL: SHOW COLUMNS FROM `az_menu` [ RunTime:0.0535s ]
NOTIC: D方法实例化没找到模型类Common\Model\AuthRuleModel
SQL: SHOW COLUMNS FROM `az_auth_rule` [ RunTime:0.0403s ]
SQL: SELECT `id` FROM `az_menu` WHERE `app` = 'Admin' AND `model` = 'Information' AND `action` = 'default' LIMIT 1   [ RunTime:0.0521s ]
SQL: UPDATE `az_menu` SET `parentid`='0',`name`='板块管理',`app`='Admin',`model`='Information',`action`='default',`data`='',`icon`='cogs',`remark`='',`status`='1',`type`='1' WHERE `id` = 183 [ RunTime:0.0838s ]
SQL: SELECT * FROM `az_auth_rule` WHERE `name` = 'admin/information/default' LIMIT 1   [ RunTime:0.0907s ]
SQL: UPDATE `az_auth_rule` SET `name`='admin/information/default',`module`='Admin',`type`='admin_url',`title`='板块管理' WHERE `name` = 'admin/information/default' [ RunTime:0.0669s ]

[ 2020-06-22T13:35:43+08:00 ] 127.0.0.1 /index.php?g=Admin&m=Menu&a=edit&id=183&menuid=100
NOTIC: D方法实例化没找到模型类Common\Model\AuthRuleModel

[ 2020-06-22T13:35:55+08:00 ] 127.0.0.1 /index.php?g=Admin&m=CircleOfFriends&a=index&menuid=189
NOTIC: D方法实例化没找到模型类Common\Model\PostDiggModel
NOTIC: D方法实例化没找到模型类Common\Model\ForumModel
NOTIC: D方法实例化没找到模型类Common\Model\ForumPostModel
NOTIC: D方法实例化没找到模型类Common\Model\ReplyModel
NOTIC: D方法实例化没找到模型类Common\Model\SofModel
NOTIC: D方法实例化没找到模型类Common\Model\LabelModel
NOTIC: D方法实例化没找到模型类Common\Model\SofAttachmentModel

[ 2020-06-22T13:36:37+08:00 ] 127.0.0.1 /index.php?g=Admin&m=CircleOfFriends&a=select&id=14
INFO: [ app_begin ] --START--
INFO: Run Behavior\ReadHtmlCacheBehavior [ RunTime:0.000434s ]
INFO: Run Behavior\CheckLangBehavior [ RunTime:0.001374s ]
INFO: [ app_begin ] --END-- [ RunTime:0.002296s ]
SQL: SHOW COLUMNS FROM `az_users` [ RunTime:0.0404s ]
SQL: SELECT * FROM `az_users` WHERE ( id=1 ) LIMIT 1   [ RunTime:0.0794s ]
SQL: SHOW COLUMNS FROM `az_weixin_options_link` [ RunTime:0.0398s ]
SQL: SELECT * FROM `az_weixin_options_link` WHERE ( uid=1 ) ORDER BY is_use desc  [ RunTime:0.0889s ]
SQL: SHOW COLUMNS FROM `az_weixin_options` [ RunTime:0.0698s ]
SQL: SELECT * FROM `az_weixin_options` WHERE `id` IN ('115','123') ORDER BY FIND_IN_SET(id,"115,123")  [ RunTime:0.0891s ]
SQL: SHOW COLUMNS FROM `az_users` [ RunTime:0.0560s ]
NOTIC: D方法实例化没找到模型类Common\Model\PostDiggModel
SQL: SHOW COLUMNS FROM `az_post_digg` [ RunTime:0.0770s ]
NOTIC: D方法实例化没找到模型类Common\Model\ForumModel
SQL: SHOW COLUMNS FROM `az_forum` [ RunTime:0.0772s ]
NOTIC: D方法实例化没找到模型类Common\Model\ForumPostModel
SQL: SHOW COLUMNS FROM `az_forum_post` [ RunTime:0.0806s ]
NOTIC: D方法实例化没找到模型类Common\Model\ReplyModel
SQL: SHOW COLUMNS FROM `az_reply` [ RunTime:0.0766s ]
NOTIC: D方法实例化没找到模型类Common\Model\SofModel
SQL: SHOW COLUMNS FROM `az_sof` [ RunTime:0.0774s ]
NOTIC: D方法实例化没找到模型类Common\Model\LabelModel
SQL: SHOW COLUMNS FROM `az_label` [ RunTime:0.0791s ]
NOTIC: D方法实例化没找到模型类Common\Model\SofAttachmentModel
SQL: SHOW COLUMNS FROM `az_sof_attachment` [ RunTime:0.0472s ]
SQL: SELECT * FROM `az_sof` WHERE `id` = 14 LIMIT 1   [ RunTime:0.0686s ]
NOTIC: [8] Undefined index: url C:\Software\PhpStudy\PHPTutorial\WWW\sns\application\Common\Controller\AppframeController.class.php 第 24 行.
NOTIC: [8] Undefined index: status C:\Software\PhpStudy\PHPTutorial\WWW\sns\application\Common\Controller\AppframeController.class.php 第 25 行.

[ 2020-06-22T13:36:49+08:00 ] 127.0.0.1 /index.php?g=Admin&m=CircleOfFriends&a=circle_reply&menuid=190
NOTIC: D方法实例化没找到模型类Common\Model\PostDiggModel
NOTIC: D方法实例化没找到模型类Common\Model\ForumModel
NOTIC: D方法实例化没找到模型类Common\Model\ForumPostModel
NOTIC: D方法实例化没找到模型类Common\Model\ReplyModel
NOTIC: D方法实例化没找到模型类Common\Model\SofModel
NOTIC: D方法实例化没找到模型类Common\Model\LabelModel
NOTIC: D方法实例化没找到模型类Common\Model\SofAttachmentModel

[ 2020-06-22T13:36:55+08:00 ] 127.0.0.1 /index.php?g=Admin&m=CircleOfFriends&a=circle_reply_home
NOTIC: D方法实例化没找到模型类Common\Model\PostDiggModel
NOTIC: D方法实例化没找到模型类Common\Model\ForumModel
NOTIC: D方法实例化没找到模型类Common\Model\ForumPostModel
NOTIC: D方法实例化没找到模型类Common\Model\ReplyModel
NOTIC: D方法实例化没找到模型类Common\Model\SofModel
NOTIC: D方法实例化没找到模型类Common\Model\LabelModel
NOTIC: D方法实例化没找到模型类Common\Model\SofAttachmentModel

[ 2020-06-22T13:36:57+08:00 ] 127.0.0.1 /index.php?g=Admin&m=CircleOfFriends&a=circle_reply_del
NOTIC: D方法实例化没找到模型类Common\Model\PostDiggModel
NOTIC: D方法实例化没找到模型类Common\Model\ForumModel
NOTIC: D方法实例化没找到模型类Common\Model\ForumPostModel
NOTIC: D方法实例化没找到模型类Common\Model\ReplyModel
NOTIC: D方法实例化没找到模型类Common\Model\SofModel
NOTIC: D方法实例化没找到模型类Common\Model\LabelModel
NOTIC: D方法实例化没找到模型类Common\Model\SofAttachmentModel

[ 2020-06-22T13:36:59+08:00 ] 127.0.0.1 /index.php?g=Admin&m=CircleOfFriends&a=circle_reply
NOTIC: D方法实例化没找到模型类Common\Model\PostDiggModel
NOTIC: D方法实例化没找到模型类Common\Model\ForumModel
NOTIC: D方法实例化没找到模型类Common\Model\ForumPostModel
NOTIC: D方法实例化没找到模型类Common\Model\ReplyModel
NOTIC: D方法实例化没找到模型类Common\Model\SofModel
NOTIC: D方法实例化没找到模型类Common\Model\LabelModel
NOTIC: D方法实例化没找到模型类Common\Model\SofAttachmentModel

[ 2020-06-22T13:37:02+08:00 ] 127.0.0.1 /index.php?g=Admin&m=CircleOfFriends&a=index&menuid=189
NOTIC: D方法实例化没找到模型类Common\Model\PostDiggModel
NOTIC: D方法实例化没找到模型类Common\Model\ForumModel
NOTIC: D方法实例化没找到模型类Common\Model\ForumPostModel
NOTIC: D方法实例化没找到模型类Common\Model\ReplyModel
NOTIC: D方法实例化没找到模型类Common\Model\SofModel
NOTIC: D方法实例化没找到模型类Common\Model\LabelModel
NOTIC: D方法实例化没找到模型类Common\Model\SofAttachmentModel

[ 2020-06-22T13:37:04+08:00 ] 127.0.0.1 /index.php?g=Admin&m=CircleOfFriends&a=circle_add
NOTIC: D方法实例化没找到模型类Common\Model\PostDiggModel
NOTIC: D方法实例化没找到模型类Common\Model\ForumModel
NOTIC: D方法实例化没找到模型类Common\Model\ForumPostModel
NOTIC: D方法实例化没找到模型类Common\Model\ReplyModel
NOTIC: D方法实例化没找到模型类Common\Model\SofModel
NOTIC: D方法实例化没找到模型类Common\Model\LabelModel
NOTIC: D方法实例化没找到模型类Common\Model\SofAttachmentModel

[ 2020-06-22T13:37:16+08:00 ] 127.0.0.1 /index.php?g=Admin&m=Message&a=index&menuid=192
NOTIC: D方法实例化没找到模型类Common\Model\PostDiggModel
NOTIC: D方法实例化没找到模型类Common\Model\ForumModel
NOTIC: D方法实例化没找到模型类Common\Model\ForumPostModel
NOTIC: D方法实例化没找到模型类Common\Model\MessageContentModel
NOTIC: D方法实例化没找到模型类Common\Model\MessageModel

[ 2020-06-22T13:37:21+08:00 ] 127.0.0.1 /index.php?g=Admin&m=Withdraw&a=withdrawal&menuid=205
NOTIC: D方法实例化没找到模型类Common\Model\PostDiggModel
NOTIC: D方法实例化没找到模型类Common\Model\ForumModel
NOTIC: D方法实例化没找到模型类Common\Model\ForumPostModel
NOTIC: D方法实例化没找到模型类Common\Model\MessageContentModel
NOTIC: D方法实例化没找到模型类Common\Model\MessageModel
NOTIC: D方法实例化没找到模型类Common\Model\WithdrawModel

[ 2020-06-22T13:37:28+08:00 ] 127.0.0.1 /index.php?g=Admin&m=Information&a=circle_list&menuid=184
NOTIC: D方法实例化没找到模型类Common\Model\ForumTypeModel
NOTIC: D方法实例化没找到模型类Common\Model\PostDiggModel
NOTIC: D方法实例化没找到模型类Common\Model\ForumModel
NOTIC: D方法实例化没找到模型类Common\Model\ForumPostModel
NOTIC: D方法实例化没找到模型类Common\Model\ReplyModel

[ 2020-06-22T13:37:31+08:00 ] 127.0.0.1 /index.php?g=Admin&m=Information&a=index&menuid=185
NOTIC: D方法实例化没找到模型类Common\Model\ForumTypeModel
NOTIC: D方法实例化没找到模型类Common\Model\PostDiggModel
NOTIC: D方法实例化没找到模型类Common\Model\ForumModel
NOTIC: D方法实例化没找到模型类Common\Model\ForumPostModel
NOTIC: D方法实例化没找到模型类Common\Model\ReplyModel

[ 2020-06-22T13:37:36+08:00 ] 127.0.0.1 /index.php?g=Admin&m=Information&a=circle_type&menuid=187
NOTIC: D方法实例化没找到模型类Common\Model\ForumTypeModel
NOTIC: D方法实例化没找到模型类Common\Model\PostDiggModel
NOTIC: D方法实例化没找到模型类Common\Model\ForumModel
NOTIC: D方法实例化没找到模型类Common\Model\ForumPostModel
NOTIC: D方法实例化没找到模型类Common\Model\ReplyModel

[ 2020-06-22T13:37:54+08:00 ] 127.0.0.1 /index.php?g=Admin&m=CircleOfFriends&a=index&menuid=189
NOTIC: D方法实例化没找到模型类Common\Model\PostDiggModel
NOTIC: D方法实例化没找到模型类Common\Model\ForumModel
NOTIC: D方法实例化没找到模型类Common\Model\ForumPostModel
NOTIC: D方法实例化没找到模型类Common\Model\ReplyModel
NOTIC: D方法实例化没找到模型类Common\Model\SofModel
NOTIC: D方法实例化没找到模型类Common\Model\LabelModel
NOTIC: D方法实例化没找到模型类Common\Model\SofAttachmentModel

[ 2020-06-22T13:38:00+08:00 ] 127.0.0.1 /index.php?g=Admin&m=CircleOfFriends&a=home_circle
NOTIC: D方法实例化没找到模型类Common\Model\PostDiggModel
NOTIC: D方法实例化没找到模型类Common\Model\ForumModel
NOTIC: D方法实例化没找到模型类Common\Model\ForumPostModel
NOTIC: D方法实例化没找到模型类Common\Model\ReplyModel
NOTIC: D方法实例化没找到模型类Common\Model\SofModel
NOTIC: D方法实例化没找到模型类Common\Model\LabelModel
NOTIC: D方法实例化没找到模型类Common\Model\SofAttachmentModel

[ 2020-06-22T13:38:02+08:00 ] 127.0.0.1 /index.php?g=Admin&m=CircleOfFriends&a=home_circle
NOTIC: D方法实例化没找到模型类Common\Model\PostDiggModel
NOTIC: D方法实例化没找到模型类Common\Model\ForumModel
NOTIC: D方法实例化没找到模型类Common\Model\ForumPostModel
NOTIC: D方法实例化没找到模型类Common\Model\ReplyModel
NOTIC: D方法实例化没找到模型类Common\Model\SofModel
NOTIC: D方法实例化没找到模型类Common\Model\LabelModel
NOTIC: D方法实例化没找到模型类Common\Model\SofAttachmentModel

[ 2020-06-22T13:38:04+08:00 ] 127.0.0.1 /index.php?g=Admin&m=CircleOfFriends&a=home_circle
NOTIC: D方法实例化没找到模型类Common\Model\PostDiggModel
NOTIC: D方法实例化没找到模型类Common\Model\ForumModel
NOTIC: D方法实例化没找到模型类Common\Model\ForumPostModel
NOTIC: D方法实例化没找到模型类Common\Model\ReplyModel
NOTIC: D方法实例化没找到模型类Common\Model\SofModel
NOTIC: D方法实例化没找到模型类Common\Model\LabelModel
NOTIC: D方法实例化没找到模型类Common\Model\SofAttachmentModel

[ 2020-06-22T13:38:06+08:00 ] 127.0.0.1 /index.php?g=Admin&m=CircleOfFriends&a=home_circle
NOTIC: D方法实例化没找到模型类Common\Model\PostDiggModel
NOTIC: D方法实例化没找到模型类Common\Model\ForumModel
NOTIC: D方法实例化没找到模型类Common\Model\ForumPostModel
NOTIC: D方法实例化没找到模型类Common\Model\ReplyModel
NOTIC: D方法实例化没找到模型类Common\Model\SofModel
NOTIC: D方法实例化没找到模型类Common\Model\LabelModel
NOTIC: D方法实例化没找到模型类Common\Model\SofAttachmentModel

[ 2020-06-22T13:38:07+08:00 ] 127.0.0.1 /index.php?g=Admin&m=CircleOfFriends&a=home_circle
NOTIC: D方法实例化没找到模型类Common\Model\PostDiggModel
NOTIC: D方法实例化没找到模型类Common\Model\ForumModel
NOTIC: D方法实例化没找到模型类Common\Model\ForumPostModel
NOTIC: D方法实例化没找到模型类Common\Model\ReplyModel
NOTIC: D方法实例化没找到模型类Common\Model\SofModel
NOTIC: D方法实例化没找到模型类Common\Model\LabelModel
NOTIC: D方法实例化没找到模型类Common\Model\SofAttachmentModel

[ 2020-06-22T13:38:09+08:00 ] 127.0.0.1 /index.php?g=Admin&m=CircleOfFriends&a=home_circle
NOTIC: D方法实例化没找到模型类Common\Model\PostDiggModel
NOTIC: D方法实例化没找到模型类Common\Model\ForumModel
NOTIC: D方法实例化没找到模型类Common\Model\ForumPostModel
NOTIC: D方法实例化没找到模型类Common\Model\ReplyModel
NOTIC: D方法实例化没找到模型类Common\Model\SofModel
NOTIC: D方法实例化没找到模型类Common\Model\LabelModel
NOTIC: D方法实例化没找到模型类Common\Model\SofAttachmentModel

[ 2020-06-22T13:39:44+08:00 ] 127.0.0.1 /index.php?g=Admin&m=CircleOfFriends&a=index&menuid=189
NOTIC: D方法实例化没找到模型类Common\Model\PostDiggModel
NOTIC: D方法实例化没找到模型类Common\Model\ForumModel
NOTIC: D方法实例化没找到模型类Common\Model\ForumPostModel
NOTIC: D方法实例化没找到模型类Common\Model\ReplyModel
NOTIC: D方法实例化没找到模型类Common\Model\SofModel
NOTIC: D方法实例化没找到模型类Common\Model\LabelModel
NOTIC: D方法实例化没找到模型类Common\Model\SofAttachmentModel

[ 2020-06-22T13:40:06+08:00 ] 127.0.0.1 /index.php?g=Admin&m=CircleOfFriends&a=index&menuid=189
NOTIC: D方法实例化没找到模型类Common\Model\PostDiggModel
NOTIC: D方法实例化没找到模型类Common\Model\ForumModel
NOTIC: D方法实例化没找到模型类Common\Model\ForumPostModel
NOTIC: D方法实例化没找到模型类Common\Model\ReplyModel
NOTIC: D方法实例化没找到模型类Common\Model\SofModel
NOTIC: D方法实例化没找到模型类Common\Model\LabelModel
NOTIC: D方法实例化没找到模型类Common\Model\SofAttachmentModel

[ 2020-06-22T13:40:13+08:00 ] 127.0.0.1 /index.php?g=Admin&m=CircleOfFriends&a=select&id=14
INFO: [ app_begin ] --START--
INFO: Run Behavior\ReadHtmlCacheBehavior [ RunTime:0.000401s ]
INFO: Run Behavior\CheckLangBehavior [ RunTime:0.000954s ]
INFO: [ app_begin ] --END-- [ RunTime:0.001834s ]
SQL: SHOW COLUMNS FROM `az_users` [ RunTime:0.0485s ]
SQL: SELECT * FROM `az_users` WHERE ( id=1 ) LIMIT 1   [ RunTime:0.0435s ]
SQL: SHOW COLUMNS FROM `az_weixin_options_link` [ RunTime:0.0709s ]
SQL: SELECT * FROM `az_weixin_options_link` WHERE ( uid=1 ) ORDER BY is_use desc  [ RunTime:0.0459s ]
SQL: SHOW COLUMNS FROM `az_weixin_options` [ RunTime:0.0414s ]
SQL: SELECT * FROM `az_weixin_options` WHERE `id` IN ('115','123') ORDER BY FIND_IN_SET(id,"115,123")  [ RunTime:0.0590s ]
SQL: SHOW COLUMNS FROM `az_users` [ RunTime:0.0670s ]
NOTIC: D方法实例化没找到模型类Common\Model\PostDiggModel
SQL: SHOW COLUMNS FROM `az_post_digg` [ RunTime:0.0448s ]
NOTIC: D方法实例化没找到模型类Common\Model\ForumModel
SQL: SHOW COLUMNS FROM `az_forum` [ RunTime:0.0567s ]
NOTIC: D方法实例化没找到模型类Common\Model\ForumPostModel
SQL: SHOW COLUMNS FROM `az_forum_post` [ RunTime:0.0377s ]
NOTIC: D方法实例化没找到模型类Common\Model\ReplyModel
SQL: SHOW COLUMNS FROM `az_reply` [ RunTime:0.0570s ]
NOTIC: D方法实例化没找到模型类Common\Model\SofModel
SQL: SHOW COLUMNS FROM `az_sof` [ RunTime:0.0590s ]
NOTIC: D方法实例化没找到模型类Common\Model\LabelModel
SQL: SHOW COLUMNS FROM `az_label` [ RunTime:0.0590s ]
NOTIC: D方法实例化没找到模型类Common\Model\SofAttachmentModel
SQL: SHOW COLUMNS FROM `az_sof_attachment` [ RunTime:0.0417s ]
SQL: SELECT * FROM `az_sof` WHERE `id` = 14 LIMIT 1   [ RunTime:0.0615s ]
NOTIC: [8] Undefined index: url C:\Software\PhpStudy\PHPTutorial\WWW\sns\application\Common\Controller\AppframeController.class.php 第 24 行.
NOTIC: [8] Undefined index: status C:\Software\PhpStudy\PHPTutorial\WWW\sns\application\Common\Controller\AppframeController.class.php 第 25 行.

[ 2020-06-22T13:40:22+08:00 ] 127.0.0.1 /index.php?g=Admin&m=CircleOfFriends&a=circle_add
NOTIC: D方法实例化没找到模型类Common\Model\PostDiggModel
NOTIC: D方法实例化没找到模型类Common\Model\ForumModel
NOTIC: D方法实例化没找到模型类Common\Model\ForumPostModel
NOTIC: D方法实例化没找到模型类Common\Model\ReplyModel
NOTIC: D方法实例化没找到模型类Common\Model\SofModel
NOTIC: D方法实例化没找到模型类Common\Model\LabelModel
NOTIC: D方法实例化没找到模型类Common\Model\SofAttachmentModel

[ 2020-06-22T13:59:19+08:00 ] 127.0.0.1 /index.php?g=Admin&m=CircleOfFriends&a=index&menuid=189
NOTIC: D方法实例化没找到模型类Common\Model\PostDiggModel
NOTIC: D方法实例化没找到模型类Common\Model\ForumModel
NOTIC: D方法实例化没找到模型类Common\Model\ForumPostModel
NOTIC: D方法实例化没找到模型类Common\Model\ReplyModel
NOTIC: D方法实例化没找到模型类Common\Model\SofModel
NOTIC: D方法实例化没找到模型类Common\Model\LabelModel
NOTIC: D方法实例化没找到模型类Common\Model\SofAttachmentModel

[ 2020-06-22T13:59:33+08:00 ] 127.0.0.1 /index.php?g=Admin&m=CircleOfFriends&a=circle_add
NOTIC: D方法实例化没找到模型类Common\Model\PostDiggModel
NOTIC: D方法实例化没找到模型类Common\Model\ForumModel
NOTIC: D方法实例化没找到模型类Common\Model\ForumPostModel
NOTIC: D方法实例化没找到模型类Common\Model\ReplyModel
NOTIC: D方法实例化没找到模型类Common\Model\SofModel
NOTIC: D方法实例化没找到模型类Common\Model\LabelModel
NOTIC: D方法实例化没找到模型类Common\Model\SofAttachmentModel

[ 2020-06-22T13:59:45+08:00 ] 127.0.0.1 /index.php?g=Admin&m=CircleOfFriends&a=circle_add
NOTIC: D方法实例化没找到模型类Common\Model\PostDiggModel
NOTIC: D方法实例化没找到模型类Common\Model\ForumModel
NOTIC: D方法实例化没找到模型类Common\Model\ForumPostModel
NOTIC: D方法实例化没找到模型类Common\Model\ReplyModel
NOTIC: D方法实例化没找到模型类Common\Model\SofModel
NOTIC: D方法实例化没找到模型类Common\Model\LabelModel
NOTIC: D方法实例化没找到模型类Common\Model\SofAttachmentModel

[ 2020-06-22T22:40:02+08:00 ] 127.0.0.1 /index.php?g=Admin&m=Information&a=circle_list&menuid=184
NOTIC: D方法实例化没找到模型类Common\Model\ForumTypeModel
NOTIC: D方法实例化没找到模型类Common\Model\PostDiggModel
NOTIC: D方法实例化没找到模型类Common\Model\ForumModel
NOTIC: D方法实例化没找到模型类Common\Model\ForumPostModel
NOTIC: D方法实例化没找到模型类Common\Model\ReplyModel

[ 2020-06-22T22:40:03+08:00 ] 127.0.0.1 /index.php?g=Admin&m=Information&a=index&menuid=185
NOTIC: D方法实例化没找到模型类Common\Model\ForumTypeModel
NOTIC: D方法实例化没找到模型类Common\Model\PostDiggModel
NOTIC: D方法实例化没找到模型类Common\Model\ForumModel
NOTIC: D方法实例化没找到模型类Common\Model\ForumPostModel
NOTIC: D方法实例化没找到模型类Common\Model\ReplyModel

[ 2020-06-22T22:40:07+08:00 ] 127.0.0.1 /index.php?g=Admin&m=Information&a=post_reply&menuid=186
NOTIC: D方法实例化没找到模型类Common\Model\ForumTypeModel
NOTIC: D方法实例化没找到模型类Common\Model\PostDiggModel
NOTIC: D方法实例化没找到模型类Common\Model\ForumModel
NOTIC: D方法实例化没找到模型类Common\Model\ForumPostModel
NOTIC: D方法实例化没找到模型类Common\Model\ReplyModel

[ 2020-06-22T22:40:08+08:00 ] 127.0.0.1 /index.php?g=Admin&m=Information&a=index&menuid=185
NOTIC: D方法实例化没找到模型类Common\Model\ForumTypeModel
NOTIC: D方法实例化没找到模型类Common\Model\PostDiggModel
NOTIC: D方法实例化没找到模型类Common\Model\ForumModel
NOTIC: D方法实例化没找到模型类Common\Model\ForumPostModel
NOTIC: D方法实例化没找到模型类Common\Model\ReplyModel

[ 2020-06-22T22:40:41+08:00 ] 127.0.0.1 /index.php?g=Admin&m=Information&a=index&menuid=185
NOTIC: D方法实例化没找到模型类Common\Model\ForumTypeModel
NOTIC: D方法实例化没找到模型类Common\Model\PostDiggModel
NOTIC: D方法实例化没找到模型类Common\Model\ForumModel
NOTIC: D方法实例化没找到模型类Common\Model\ForumPostModel
NOTIC: D方法实例化没找到模型类Common\Model\ReplyModel

[ 2020-06-22T22:47:26+08:00 ] 127.0.0.1 /index.php?g=Admin&m=Information&a=post_reply&menuid=186
NOTIC: D方法实例化没找到模型类Common\Model\ForumTypeModel
NOTIC: D方法实例化没找到模型类Common\Model\PostDiggModel
NOTIC: D方法实例化没找到模型类Common\Model\ForumModel
NOTIC: D方法实例化没找到模型类Common\Model\ForumPostModel
NOTIC: D方法实例化没找到模型类Common\Model\ReplyModel

[ 2020-06-22T22:47:29+08:00 ] 127.0.0.1 /index.php?g=Admin&m=Information&a=post_reply&menuid=186
NOTIC: D方法实例化没找到模型类Common\Model\ForumTypeModel
NOTIC: D方法实例化没找到模型类Common\Model\PostDiggModel
NOTIC: D方法实例化没找到模型类Common\Model\ForumModel
NOTIC: D方法实例化没找到模型类Common\Model\ForumPostModel
NOTIC: D方法实例化没找到模型类Common\Model\ReplyModel

[ 2020-06-22T22:47:31+08:00 ] 127.0.0.1 /index.php?g=Admin&m=Information&a=index&menuid=185
NOTIC: D方法实例化没找到模型类Common\Model\ForumTypeModel
NOTIC: D方法实例化没找到模型类Common\Model\PostDiggModel
NOTIC: D方法实例化没找到模型类Common\Model\ForumModel
NOTIC: D方法实例化没找到模型类Common\Model\ForumPostModel
NOTIC: D方法实例化没找到模型类Common\Model\ReplyModel

[ 2020-06-22T22:47:55+08:00 ] 127.0.0.1 /index.php?g=Admin&m=Information&a=index&menuid=185
NOTIC: D方法实例化没找到模型类Common\Model\ForumTypeModel
NOTIC: D方法实例化没找到模型类Common\Model\PostDiggModel
NOTIC: D方法实例化没找到模型类Common\Model\ForumModel
NOTIC: D方法实例化没找到模型类Common\Model\ForumPostModel
NOTIC: D方法实例化没找到模型类Common\Model\ReplyModel

[ 2020-06-22T22:48:27+08:00 ] 127.0.0.1 /index.php?g=Admin&m=Information&a=index&menuid=185
NOTIC: D方法实例化没找到模型类Common\Model\ForumTypeModel
NOTIC: D方法实例化没找到模型类Common\Model\PostDiggModel
NOTIC: D方法实例化没找到模型类Common\Model\ForumModel
NOTIC: D方法实例化没找到模型类Common\Model\ForumPostModel
NOTIC: D方法实例化没找到模型类Common\Model\ReplyModel

[ 2020-06-22T22:49:05+08:00 ] 127.0.0.1 /index.php?g=Admin&m=Information&a=index&menuid=185
NOTIC: D方法实例化没找到模型类Common\Model\ForumTypeModel
NOTIC: D方法实例化没找到模型类Common\Model\PostDiggModel
NOTIC: D方法实例化没找到模型类Common\Model\ForumModel
NOTIC: D方法实例化没找到模型类Common\Model\ForumPostModel
NOTIC: D方法实例化没找到模型类Common\Model\ReplyModel

[ 2020-06-22T22:49:29+08:00 ] 127.0.0.1 /index.php?g=Admin&m=Information&a=index&menuid=185
NOTIC: D方法实例化没找到模型类Common\Model\ForumTypeModel
NOTIC: D方法实例化没找到模型类Common\Model\PostDiggModel
NOTIC: D方法实例化没找到模型类Common\Model\ForumModel
NOTIC: D方法实例化没找到模型类Common\Model\ForumPostModel
NOTIC: D方法实例化没找到模型类Common\Model\ReplyModel

[ 2020-06-22T22:50:01+08:00 ] 127.0.0.1 /index.php?g=Admin&m=Information&a=index&menuid=185
NOTIC: D方法实例化没找到模型类Common\Model\ForumTypeModel
NOTIC: D方法实例化没找到模型类Common\Model\PostDiggModel
NOTIC: D方法实例化没找到模型类Common\Model\ForumModel
NOTIC: D方法实例化没找到模型类Common\Model\ForumPostModel
NOTIC: D方法实例化没找到模型类Common\Model\ReplyModel

[ 2020-06-22T22:55:11+08:00 ] 127.0.0.1 /index.php?g=Admin&m=Information&a=index&menuid=185
NOTIC: D方法实例化没找到模型类Common\Model\ForumTypeModel
NOTIC: D方法实例化没找到模型类Common\Model\PostDiggModel
NOTIC: D方法实例化没找到模型类Common\Model\ForumModel
NOTIC: D方法实例化没找到模型类Common\Model\ForumPostModel
NOTIC: D方法实例化没找到模型类Common\Model\ReplyModel

[ 2020-06-22T22:55:18+08:00 ] 127.0.0.1 /index.php?g=Admin&m=CircleOfFriends&a=index&menuid=189
NOTIC: D方法实例化没找到模型类Common\Model\PostDiggModel
NOTIC: D方法实例化没找到模型类Common\Model\ForumModel
NOTIC: D方法实例化没找到模型类Common\Model\ForumPostModel
NOTIC: D方法实例化没找到模型类Common\Model\ReplyModel
NOTIC: D方法实例化没找到模型类Common\Model\SofModel
NOTIC: D方法实例化没找到模型类Common\Model\LabelModel
NOTIC: D方法实例化没找到模型类Common\Model\SofAttachmentModel

[ 2020-06-22T22:55:41+08:00 ] 127.0.0.1 /index.php?g=Admin&m=CircleOfFriends&a=select&id=4
INFO: [ app_begin ] --START--
INFO: Run Behavior\ReadHtmlCacheBehavior [ RunTime:0.000827s ]
INFO: Run Behavior\CheckLangBehavior [ RunTime:0.001872s ]
INFO: [ app_begin ] --END-- [ RunTime:0.003610s ]
SQL: SHOW COLUMNS FROM `az_users` [ RunTime:0.2053s ]
SQL: SELECT * FROM `az_users` WHERE ( id=1 ) LIMIT 1   [ RunTime:0.1099s ]
SQL: SHOW COLUMNS FROM `az_weixin_options_link` [ RunTime:0.1026s ]
SQL: SELECT * FROM `az_weixin_options_link` WHERE ( uid=1 ) ORDER BY is_use desc  [ RunTime:0.1081s ]
SQL: SHOW COLUMNS FROM `az_weixin_options` [ RunTime:0.0149s ]
SQL: SELECT * FROM `az_weixin_options` WHERE `id` IN ('115','123') ORDER BY FIND_IN_SET(id,"115,123")  [ RunTime:0.1441s ]
SQL: SHOW COLUMNS FROM `az_users` [ RunTime:0.3266s ]
NOTIC: D方法实例化没找到模型类Common\Model\PostDiggModel
SQL: SHOW COLUMNS FROM `az_post_digg` [ RunTime:0.0963s ]
NOTIC: D方法实例化没找到模型类Common\Model\ForumModel
SQL: SHOW COLUMNS FROM `az_forum` [ RunTime:0.1285s ]
NOTIC: D方法实例化没找到模型类Common\Model\ForumPostModel
SQL: SHOW COLUMNS FROM `az_forum_post` [ RunTime:0.0716s ]
NOTIC: D方法实例化没找到模型类Common\Model\ReplyModel
SQL: SHOW COLUMNS FROM `az_reply` [ RunTime:0.1161s ]
NOTIC: D方法实例化没找到模型类Common\Model\SofModel
SQL: SHOW COLUMNS FROM `az_sof` [ RunTime:0.0132s ]
NOTIC: D方法实例化没找到模型类Common\Model\LabelModel
SQL: SHOW COLUMNS FROM `az_label` [ RunTime:0.0144s ]
NOTIC: D方法实例化没找到模型类Common\Model\SofAttachmentModel
SQL: SHOW COLUMNS FROM `az_sof_attachment` [ RunTime:0.1672s ]
SQL: SELECT * FROM `az_sof` WHERE `id` = 4 LIMIT 1   [ RunTime:0.0974s ]
NOTIC: [8] Undefined index: url C:\Software\PhpStudy\PHPTutorial\WWW\sns\application\Common\Controller\AppframeController.class.php 第 24 行.
NOTIC: [8] Undefined index: status C:\Software\PhpStudy\PHPTutorial\WWW\sns\application\Common\Controller\AppframeController.class.php 第 25 行.

[ 2020-06-22T22:55:58+08:00 ] 127.0.0.1 /index.php?g=Admin&m=Information&a=post_reply&menuid=186
NOTIC: D方法实例化没找到模型类Common\Model\ForumTypeModel
NOTIC: D方法实例化没找到模型类Common\Model\PostDiggModel
NOTIC: D方法实例化没找到模型类Common\Model\ForumModel
NOTIC: D方法实例化没找到模型类Common\Model\ForumPostModel
NOTIC: D方法实例化没找到模型类Common\Model\ReplyModel

[ 2020-06-22T22:56:03+08:00 ] 127.0.0.1 /index.php?g=Admin&m=Information&a=index&menuid=185
NOTIC: D方法实例化没找到模型类Common\Model\ForumTypeModel
NOTIC: D方法实例化没找到模型类Common\Model\PostDiggModel
NOTIC: D方法实例化没找到模型类Common\Model\ForumModel
NOTIC: D方法实例化没找到模型类Common\Model\ForumPostModel
NOTIC: D方法实例化没找到模型类Common\Model\ReplyModel

[ 2020-06-22T22:57:31+08:00 ] 127.0.0.1 /index.php?g=Admin&m=Information&a=index&menuid=185
NOTIC: D方法实例化没找到模型类Common\Model\ForumTypeModel
NOTIC: D方法实例化没找到模型类Common\Model\PostDiggModel
NOTIC: D方法实例化没找到模型类Common\Model\ForumModel
NOTIC: D方法实例化没找到模型类Common\Model\ForumPostModel
NOTIC: D方法实例化没找到模型类Common\Model\ReplyModel

[ 2020-06-22T22:58:01+08:00 ] 127.0.0.1 /index.php?g=Admin&m=Information&a=index&menuid=185
NOTIC: D方法实例化没找到模型类Common\Model\ForumTypeModel
NOTIC: D方法实例化没找到模型类Common\Model\PostDiggModel
NOTIC: D方法实例化没找到模型类Common\Model\ForumModel
NOTIC: D方法实例化没找到模型类Common\Model\ForumPostModel
NOTIC: D方法实例化没找到模型类Common\Model\ReplyModel

[ 2020-06-22T23:05:36+08:00 ] 127.0.0.1 /index.php?g=Admin&m=Information&a=index&menuid=185
NOTIC: D方法实例化没找到模型类Common\Model\ForumTypeModel
NOTIC: D方法实例化没找到模型类Common\Model\PostDiggModel
NOTIC: D方法实例化没找到模型类Common\Model\ForumModel
NOTIC: D方法实例化没找到模型类Common\Model\ForumPostModel
NOTIC: D方法实例化没找到模型类Common\Model\ReplyModel

[ 2020-06-22T23:08:57+08:00 ] 127.0.0.1 /index.php?g=Admin&m=Information&a=index&menuid=185
NOTIC: D方法实例化没找到模型类Common\Model\ForumTypeModel
NOTIC: D方法实例化没找到模型类Common\Model\PostDiggModel
NOTIC: D方法实例化没找到模型类Common\Model\ForumModel
NOTIC: D方法实例化没找到模型类Common\Model\ForumPostModel
NOTIC: D方法实例化没找到模型类Common\Model\ReplyModel

[ 2020-06-22T23:09:55+08:00 ] 127.0.0.1 /index.php?g=Admin&m=Information&a=post_reply&menuid=186
NOTIC: D方法实例化没找到模型类Common\Model\ForumTypeModel
NOTIC: D方法实例化没找到模型类Common\Model\PostDiggModel
NOTIC: D方法实例化没找到模型类Common\Model\ForumModel
NOTIC: D方法实例化没找到模型类Common\Model\ForumPostModel
NOTIC: D方法实例化没找到模型类Common\Model\ReplyModel

[ 2020-06-22T23:10:10+08:00 ] 127.0.0.1 /index.php?g=Admin&m=Information&a=index&menuid=185
NOTIC: D方法实例化没找到模型类Common\Model\ForumTypeModel
NOTIC: D方法实例化没找到模型类Common\Model\PostDiggModel
NOTIC: D方法实例化没找到模型类Common\Model\ForumModel
NOTIC: D方法实例化没找到模型类Common\Model\ForumPostModel
NOTIC: D方法实例化没找到模型类Common\Model\ReplyModel

[ 2020-06-22T23:10:13+08:00 ] 127.0.0.1 /index.php?g=Admin&m=Information&a=index&menuid=185
NOTIC: D方法实例化没找到模型类Common\Model\ForumTypeModel
NOTIC: D方法实例化没找到模型类Common\Model\PostDiggModel
NOTIC: D方法实例化没找到模型类Common\Model\ForumModel
NOTIC: D方法实例化没找到模型类Common\Model\ForumPostModel
NOTIC: D方法实例化没找到模型类Common\Model\ReplyModel

[ 2020-06-22T23:10:22+08:00 ] 127.0.0.1 /index.php?g=Admin&m=Information&a=post_reply&menuid=186
NOTIC: D方法实例化没找到模型类Common\Model\ForumTypeModel
NOTIC: D方法实例化没找到模型类Common\Model\PostDiggModel
NOTIC: D方法实例化没找到模型类Common\Model\ForumModel
NOTIC: D方法实例化没找到模型类Common\Model\ForumPostModel
NOTIC: D方法实例化没找到模型类Common\Model\ReplyModel

[ 2020-06-22T23:10:35+08:00 ] 127.0.0.1 /index.php?g=Admin&m=Information&a=post_reply&menuid=186
NOTIC: D方法实例化没找到模型类Common\Model\ForumTypeModel
NOTIC: D方法实例化没找到模型类Common\Model\PostDiggModel
NOTIC: D方法实例化没找到模型类Common\Model\ForumModel
NOTIC: D方法实例化没找到模型类Common\Model\ForumPostModel
NOTIC: D方法实例化没找到模型类Common\Model\ReplyModel

[ 2020-06-22T23:13:39+08:00 ] 127.0.0.1 /index.php?g=Admin&m=Information&a=post_reply&menuid=186
NOTIC: D方法实例化没找到模型类Common\Model\ForumTypeModel
NOTIC: D方法实例化没找到模型类Common\Model\PostDiggModel
NOTIC: D方法实例化没找到模型类Common\Model\ForumModel
NOTIC: D方法实例化没找到模型类Common\Model\ForumPostModel
NOTIC: D方法实例化没找到模型类Common\Model\ReplyModel
ERR: SQLSTATE[42S22]: Column not found: 1054 Unknown column 'u.user_nicename' in 'field list'

[ 2020-06-22T23:14:03+08:00 ] 127.0.0.1 /index.php?g=Admin&m=Information&a=post_reply&menuid=186
NOTIC: D方法实例化没找到模型类Common\Model\ForumTypeModel
NOTIC: D方法实例化没找到模型类Common\Model\PostDiggModel
NOTIC: D方法实例化没找到模型类Common\Model\ForumModel
NOTIC: D方法实例化没找到模型类Common\Model\ForumPostModel
NOTIC: D方法实例化没找到模型类Common\Model\ReplyModel

[ 2020-06-22T23:16:46+08:00 ] 127.0.0.1 /index.php?g=Admin&m=Information&a=index&menuid=185
NOTIC: D方法实例化没找到模型类Common\Model\ForumTypeModel
NOTIC: D方法实例化没找到模型类Common\Model\PostDiggModel
NOTIC: D方法实例化没找到模型类Common\Model\ForumModel
NOTIC: D方法实例化没找到模型类Common\Model\ForumPostModel
NOTIC: D方法实例化没找到模型类Common\Model\ReplyModel

[ 2020-06-22T23:16:49+08:00 ] 127.0.0.1 /index.php?g=Admin&m=Information&a=post_reply&menuid=186
NOTIC: D方法实例化没找到模型类Common\Model\ForumTypeModel
NOTIC: D方法实例化没找到模型类Common\Model\PostDiggModel
NOTIC: D方法实例化没找到模型类Common\Model\ForumModel
NOTIC: D方法实例化没找到模型类Common\Model\ForumPostModel
NOTIC: D方法实例化没找到模型类Common\Model\ReplyModel

[ 2020-06-22T23:18:15+08:00 ] 127.0.0.1 /index.php?g=Admin&m=Information&a=index&menuid=185
NOTIC: D方法实例化没找到模型类Common\Model\ForumTypeModel
NOTIC: D方法实例化没找到模型类Common\Model\PostDiggModel
NOTIC: D方法实例化没找到模型类Common\Model\ForumModel
NOTIC: D方法实例化没找到模型类Common\Model\ForumPostModel
NOTIC: D方法实例化没找到模型类Common\Model\ReplyModel

[ 2020-06-22T23:18:52+08:00 ] 127.0.0.1 /index.php?g=Admin&m=Information&a=post_reply&menuid=186
NOTIC: D方法实例化没找到模型类Common\Model\ForumTypeModel
NOTIC: D方法实例化没找到模型类Common\Model\PostDiggModel
NOTIC: D方法实例化没找到模型类Common\Model\ForumModel
NOTIC: D方法实例化没找到模型类Common\Model\ForumPostModel
NOTIC: D方法实例化没找到模型类Common\Model\ReplyModel

[ 2020-06-22T23:18:56+08:00 ] 127.0.0.1 /index.php?g=Admin&m=Information&a=index&menuid=185
NOTIC: D方法实例化没找到模型类Common\Model\ForumTypeModel
NOTIC: D方法实例化没找到模型类Common\Model\PostDiggModel
NOTIC: D方法实例化没找到模型类Common\Model\ForumModel
NOTIC: D方法实例化没找到模型类Common\Model\ForumPostModel
NOTIC: D方法实例化没找到模型类Common\Model\ReplyModel

[ 2020-06-22T23:18:58+08:00 ] 127.0.0.1 /index.php?g=Admin&m=Information&a=index&menuid=185
NOTIC: D方法实例化没找到模型类Common\Model\ForumTypeModel
NOTIC: D方法实例化没找到模型类Common\Model\PostDiggModel
NOTIC: D方法实例化没找到模型类Common\Model\ForumModel
NOTIC: D方法实例化没找到模型类Common\Model\ForumPostModel
NOTIC: D方法实例化没找到模型类Common\Model\ReplyModel

[ 2020-06-22T23:43:23+08:00 ] 127.0.0.1 /index.php?g=Admin&m=Information&a=circle_type&menuid=187
NOTIC: D方法实例化没找到模型类Common\Model\ForumTypeModel
NOTIC: D方法实例化没找到模型类Common\Model\PostDiggModel
NOTIC: D方法实例化没找到模型类Common\Model\ForumModel
NOTIC: D方法实例化没找到模型类Common\Model\ForumPostModel
NOTIC: D方法实例化没找到模型类Common\Model\ReplyModel

[ 2020-06-22T23:43:28+08:00 ] 127.0.0.1 /index.php?g=Admin&m=CircleOfFriends&a=index&menuid=189
NOTIC: D方法实例化没找到模型类Common\Model\PostDiggModel
NOTIC: D方法实例化没找到模型类Common\Model\ForumModel
NOTIC: D方法实例化没找到模型类Common\Model\ForumPostModel
NOTIC: D方法实例化没找到模型类Common\Model\ReplyModel
NOTIC: D方法实例化没找到模型类Common\Model\SofModel
NOTIC: D方法实例化没找到模型类Common\Model\LabelModel
NOTIC: D方法实例化没找到模型类Common\Model\SofAttachmentModel

