[ 2020-07-03T15:59:25+08:00 ] 114.88.206.17 /index.php?g=Admin&m=public&a=dologin
INFO: [ app_begin ] --START--
INFO: Run Behavior\ReadHtmlCacheBehavior [ RunTime:0.000023s ]
INFO: Run Behavior\CheckLangBehavior [ RunTime:0.000097s ]
INFO: [ app_begin ] --END-- [ RunTime:0.000159s ]
SQL: SHOW COLUMNS FROM `az_users` [ RunTime:0.0018s ]
SQL: SELECT * FROM `az_users` WHERE `user_login` = 'anzai' LIMIT 1   [ RunTime:0.0015s ]
SQL: SHOW COLUMNS FROM `az_role_user` [ RunTime:0.0016s ]
SQL: SELECT `role_id` FROM az_role_user a INNER JOIN az_role as b on a.role_id =b.id  WHERE `user_id` = '1' AND `status` = 1  [ RunTime:0.0016s ]
SQL: SHOW COLUMNS FROM `az_login_log` [ RunTime:0.0015s ]
SQL: INSERT INTO `az_login_log` (`ipaddress`,`uid`,`createtime`,`type`) VALUES ('114.88.206.17','1','1593763165','1') [ RunTime:0.0048s ]
SQL: UPDATE `az_users` SET `user_login`='anzai',`user_pass`='###d6d7e2009e3919a229414e366b545dd1',`user_nicename`='管理员',`user_email`='13622223333',`user_url`='',`avatar`='https://wx.qlogo.cn/mmopen/vi_32/b9Z3IR3VI7cPYfmLsUo76VI0ib77jmul6wQbjD1KW2JkgibKyaO1JMV108oCwXzdX4KTNGo1tmS3GVSr6rfKvTuA/132',`sex`='0',`birthday`='2018-04-04',`signature`='',`last_login_ip`='114.88.206.17',`last_login_time`='2020-07-03 15:59:25',`create_time`='2147483647',`user_activation_key`='2',`user_status`='1',`score`='0',`user_type`='1',`coin`='0',`mobile`='13622223333',`follow_num`='1',`gag`='1',`oauth_id`='',`did`='T201600271',`parent`='0',`wx_id`=NULL,`machine_code`=NULL,`q_r_code`='',`password_code`='' WHERE `id` = 1 [ RunTime:0.0068s ]

[ 2020-07-03T15:59:29+08:00 ] 114.88.206.17 /index.php?g=Admin&m=Message&a=index&menuid=192
NOTIC: D方法实例化没找到模型类Common\Model\PostDiggModel
NOTIC: D方法实例化没找到模型类Common\Model\ForumModel
NOTIC: D方法实例化没找到模型类Common\Model\ForumPostModel
NOTIC: D方法实例化没找到模型类Common\Model\MessageContentModel
NOTIC: D方法实例化没找到模型类Common\Model\MessageModel

[ 2020-07-03T15:59:30+08:00 ] 114.88.206.17 /index.php?g=Admin&m=CircleOfFriends&a=index&menuid=189
NOTIC: D方法实例化没找到模型类Common\Model\PostDiggModel
NOTIC: D方法实例化没找到模型类Common\Model\ForumModel
NOTIC: D方法实例化没找到模型类Common\Model\ForumPostModel
NOTIC: D方法实例化没找到模型类Common\Model\ReplyModel
NOTIC: D方法实例化没找到模型类Common\Model\SofModel
NOTIC: D方法实例化没找到模型类Common\Model\LabelModel
NOTIC: D方法实例化没找到模型类Common\Model\SofAttachmentModel

[ 2020-07-03T16:00:00+08:00 ] 114.88.206.17 /index.php?g=Admin&m=CircleOfFriends&a=labelStr&id=3%2C5%2C6%2C9%2C4%2C7%2C10&sof_id=14
INFO: [ app_begin ] --START--
INFO: Run Behavior\ReadHtmlCacheBehavior [ RunTime:0.000026s ]
INFO: Run Behavior\CheckLangBehavior [ RunTime:0.000101s ]
INFO: [ app_begin ] --END-- [ RunTime:0.000171s ]
SQL: SHOW COLUMNS FROM `az_users` [ RunTime:0.0019s ]
SQL: SELECT * FROM `az_users` WHERE ( id=1 ) LIMIT 1   [ RunTime:0.0014s ]
SQL: SHOW COLUMNS FROM `az_weixin_options_link` [ RunTime:0.0016s ]
SQL: SELECT * FROM `az_weixin_options_link` WHERE ( uid=1 ) ORDER BY is_use desc  [ RunTime:0.0013s ]
SQL: SHOW COLUMNS FROM `az_weixin_options` [ RunTime:0.0016s ]
SQL: SELECT * FROM `az_weixin_options` WHERE `id` IN ('115','123') ORDER BY FIND_IN_SET(id,"115,123")  [ RunTime:0.0013s ]
SQL: SHOW COLUMNS FROM `az_users` [ RunTime:0.0016s ]
NOTIC: D方法实例化没找到模型类Common\Model\PostDiggModel
SQL: SHOW COLUMNS FROM `az_post_digg` [ RunTime:0.0015s ]
NOTIC: D方法实例化没找到模型类Common\Model\ForumModel
SQL: SHOW COLUMNS FROM `az_forum` [ RunTime:0.0015s ]
NOTIC: D方法实例化没找到模型类Common\Model\ForumPostModel
SQL: SHOW COLUMNS FROM `az_forum_post` [ RunTime:0.0016s ]
NOTIC: D方法实例化没找到模型类Common\Model\ReplyModel
SQL: SHOW COLUMNS FROM `az_reply` [ RunTime:0.0016s ]
NOTIC: D方法实例化没找到模型类Common\Model\SofModel
SQL: SHOW COLUMNS FROM `az_sof` [ RunTime:0.0015s ]
NOTIC: D方法实例化没找到模型类Common\Model\LabelModel
SQL: SHOW COLUMNS FROM `az_label` [ RunTime:0.0015s ]
NOTIC: D方法实例化没找到模型类Common\Model\SofAttachmentModel
SQL: SHOW COLUMNS FROM `az_sof_attachment` [ RunTime:0.0016s ]
SQL: UPDATE `az_sof` SET `label_id`='3,5,6,9,4,7,10' WHERE `id` = 14 [ RunTime:0.0040s ]
INFO: [ app_end ] --START--
INFO: Run Behavior\ShowPageTraceBehavior [ RunTime:0.000049s ]
INFO: [ app_end ] --END-- [ RunTime:0.000070s ]

