[ 2020-06-24T11:59:13+08:00 ] 114.88.206.17 /index.php?g=Admin&m=public&a=dologin
INFO: [ app_begin ] --START--
INFO: Run Behavior\ReadHtmlCacheBehavior [ RunTime:0.000022s ]
INFO: Run Behavior\CheckLangBehavior [ RunTime:0.000098s ]
INFO: [ app_begin ] --END-- [ RunTime:0.000160s ]
SQL: SHOW COLUMNS FROM `az_users` [ RunTime:0.0018s ]
SQL: SELECT * FROM `az_users` WHERE `user_login` = 'anzai' LIMIT 1   [ RunTime:0.0015s ]
SQL: SHOW COLUMNS FROM `az_role_user` [ RunTime:0.0015s ]
SQL: SELECT `role_id` FROM az_role_user a INNER JOIN az_role as b on a.role_id =b.id  WHERE `user_id` = '1' AND `status` = 1  [ RunTime:0.0012s ]
SQL: SHOW COLUMNS FROM `az_login_log` [ RunTime:0.0015s ]
SQL: INSERT INTO `az_login_log` (`ipaddress`,`uid`,`createtime`,`type`) VALUES ('114.88.206.17','1','1592971153','1') [ RunTime:0.0037s ]
SQL: UPDATE `az_users` SET `user_login`='anzai',`user_pass`='###d6d7e2009e3919a229414e366b545dd1',`user_nicename`='管理员',`user_email`='13622223333',`user_url`='',`avatar`='',`sex`='0',`birthday`='2018-04-04',`signature`='',`last_login_ip`='114.88.206.17',`last_login_time`='2020-06-24 11:59:13',`create_time`='2147483647',`user_activation_key`='2',`user_status`='1',`score`='0',`user_type`='1',`coin`='0',`mobile`='13622223333',`follow_num`='1',`gag`='1',`oauth_id`='',`did`='T201600271',`parent`='0',`wx_id`=NULL,`machine_code`=NULL,`q_r_code`='',`password_code`='' WHERE `id` = 1 [ RunTime:0.0035s ]

[ 2020-06-24T11:59:16+08:00 ] 114.88.206.17 /index.php?g=Admin&m=Information&a=circle_list&menuid=184
NOTIC: D方法实例化没找到模型类Common\Model\ForumTypeModel
NOTIC: D方法实例化没找到模型类Common\Model\PostDiggModel
NOTIC: D方法实例化没找到模型类Common\Model\ForumModel
NOTIC: D方法实例化没找到模型类Common\Model\ForumPostModel
NOTIC: D方法实例化没找到模型类Common\Model\ReplyModel

[ 2020-06-24T11:59:20+08:00 ] 114.88.206.17 /index.php?g=Admin&m=Information&a=index&menuid=185
NOTIC: D方法实例化没找到模型类Common\Model\ForumTypeModel
NOTIC: D方法实例化没找到模型类Common\Model\PostDiggModel
NOTIC: D方法实例化没找到模型类Common\Model\ForumModel
NOTIC: D方法实例化没找到模型类Common\Model\ForumPostModel
NOTIC: D方法实例化没找到模型类Common\Model\ReplyModel

[ 2020-06-24T12:04:13+08:00 ] 114.88.206.17 /index.php?g=Admin&m=Information&a=index&menuid=185
NOTIC: D方法实例化没找到模型类Common\Model\ForumTypeModel
NOTIC: D方法实例化没找到模型类Common\Model\PostDiggModel
NOTIC: D方法实例化没找到模型类Common\Model\ForumModel
NOTIC: D方法实例化没找到模型类Common\Model\ForumPostModel
NOTIC: D方法实例化没找到模型类Common\Model\ReplyModel

[ 2020-06-24T12:04:14+08:00 ] 114.88.206.17 /index.php?g=Admin&m=Information&a=index&menuid=185
NOTIC: D方法实例化没找到模型类Common\Model\ForumTypeModel
NOTIC: D方法实例化没找到模型类Common\Model\PostDiggModel
NOTIC: D方法实例化没找到模型类Common\Model\ForumModel
NOTIC: D方法实例化没找到模型类Common\Model\ForumPostModel
NOTIC: D方法实例化没找到模型类Common\Model\ReplyModel

[ 2020-06-24T12:04:17+08:00 ] 114.88.206.17 /index.php?g=Admin&m=Information&a=post_reply&menuid=186
NOTIC: D方法实例化没找到模型类Common\Model\ForumTypeModel
NOTIC: D方法实例化没找到模型类Common\Model\PostDiggModel
NOTIC: D方法实例化没找到模型类Common\Model\ForumModel
NOTIC: D方法实例化没找到模型类Common\Model\ForumPostModel
NOTIC: D方法实例化没找到模型类Common\Model\ReplyModel

[ 2020-06-24T12:04:18+08:00 ] 114.88.206.17 /index.php?g=Admin&m=Information&a=index&menuid=185
NOTIC: D方法实例化没找到模型类Common\Model\ForumTypeModel
NOTIC: D方法实例化没找到模型类Common\Model\PostDiggModel
NOTIC: D方法实例化没找到模型类Common\Model\ForumModel
NOTIC: D方法实例化没找到模型类Common\Model\ForumPostModel
NOTIC: D方法实例化没找到模型类Common\Model\ReplyModel

[ 2020-06-24T12:04:23+08:00 ] 114.88.206.17 /index.php?g=Admin&m=Information&a=circle_list&menuid=184
NOTIC: D方法实例化没找到模型类Common\Model\ForumTypeModel
NOTIC: D方法实例化没找到模型类Common\Model\PostDiggModel
NOTIC: D方法实例化没找到模型类Common\Model\ForumModel
NOTIC: D方法实例化没找到模型类Common\Model\ForumPostModel
NOTIC: D方法实例化没找到模型类Common\Model\ReplyModel

[ 2020-06-24T13:05:39+08:00 ] 114.88.206.17 /index.php?g=Admin&m=Information&a=index&menuid=185
NOTIC: D方法实例化没找到模型类Common\Model\ForumTypeModel
NOTIC: D方法实例化没找到模型类Common\Model\PostDiggModel
NOTIC: D方法实例化没找到模型类Common\Model\ForumModel
NOTIC: D方法实例化没找到模型类Common\Model\ForumPostModel
NOTIC: D方法实例化没找到模型类Common\Model\ReplyModel

[ 2020-06-24T13:05:41+08:00 ] 114.88.206.17 /index.php?g=Admin&m=Information&a=circle_list&menuid=184
NOTIC: D方法实例化没找到模型类Common\Model\ForumTypeModel
NOTIC: D方法实例化没找到模型类Common\Model\PostDiggModel
NOTIC: D方法实例化没找到模型类Common\Model\ForumModel
NOTIC: D方法实例化没找到模型类Common\Model\ForumPostModel
NOTIC: D方法实例化没找到模型类Common\Model\ReplyModel

[ 2020-06-24T13:06:15+08:00 ] 114.88.206.17 /index.php?g=Admin&m=Information&a=circle_list&menuid=184
NOTIC: D方法实例化没找到模型类Common\Model\ForumTypeModel
NOTIC: D方法实例化没找到模型类Common\Model\PostDiggModel
NOTIC: D方法实例化没找到模型类Common\Model\ForumModel
NOTIC: D方法实例化没找到模型类Common\Model\ForumPostModel
NOTIC: D方法实例化没找到模型类Common\Model\ReplyModel

[ 2020-06-24T13:07:13+08:00 ] 114.88.206.17 /index.php?g=Admin&m=Information&a=circle_type&menuid=187
NOTIC: D方法实例化没找到模型类Common\Model\ForumTypeModel
NOTIC: D方法实例化没找到模型类Common\Model\PostDiggModel
NOTIC: D方法实例化没找到模型类Common\Model\ForumModel
NOTIC: D方法实例化没找到模型类Common\Model\ForumPostModel
NOTIC: D方法实例化没找到模型类Common\Model\ReplyModel

[ 2020-06-24T13:13:22+08:00 ] 114.88.206.17 /index.php?g=Admin&m=Information&a=circle_type&menuid=187
NOTIC: D方法实例化没找到模型类Common\Model\ForumTypeModel
NOTIC: D方法实例化没找到模型类Common\Model\PostDiggModel
NOTIC: D方法实例化没找到模型类Common\Model\ForumModel
NOTIC: D方法实例化没找到模型类Common\Model\ForumPostModel
NOTIC: D方法实例化没找到模型类Common\Model\ReplyModel

[ 2020-06-24T13:13:24+08:00 ] 114.88.206.17 /index.php?g=Admin&m=Information&a=circle_type&menuid=187
NOTIC: D方法实例化没找到模型类Common\Model\ForumTypeModel
NOTIC: D方法实例化没找到模型类Common\Model\PostDiggModel
NOTIC: D方法实例化没找到模型类Common\Model\ForumModel
NOTIC: D方法实例化没找到模型类Common\Model\ForumPostModel
NOTIC: D方法实例化没找到模型类Common\Model\ReplyModel

