[ 2020-06-23T11:17:24+08:00 ] 114.88.206.17 /index.php?g=Admin&m=public&a=dologin
INFO: [ app_begin ] --START--
INFO: Run Behavior\ReadHtmlCacheBehavior [ RunTime:0.000031s ]
INFO: Run Behavior\CheckLangBehavior [ RunTime:0.000124s ]
INFO: [ app_begin ] --END-- [ RunTime:0.000199s ]
SQL: SHOW COLUMNS FROM `az_users` [ RunTime:0.0019s ]
SQL: SELECT * FROM `az_users` WHERE `user_login` = 'anzai' LIMIT 1   [ RunTime:0.0016s ]
SQL: SHOW COLUMNS FROM `az_role_user` [ RunTime:0.0017s ]
SQL: SELECT `role_id` FROM az_role_user a INNER JOIN az_role as b on a.role_id =b.id  WHERE `user_id` = '1' AND `status` = 1  [ RunTime:0.0013s ]
SQL: SHOW COLUMNS FROM `az_login_log` [ RunTime:0.0016s ]
SQL: INSERT INTO `az_login_log` (`ipaddress`,`uid`,`createtime`,`type`) VALUES ('114.88.206.17','1','1592882244','1') [ RunTime:0.0047s ]
SQL: UPDATE `az_users` SET `user_login`='anzai',`user_pass`='###d6d7e2009e3919a229414e366b545dd1',`user_nicename`='管理员',`user_email`='13622223333',`user_url`='',`avatar`='',`sex`='0',`birthday`='2018-04-04',`signature`='',`last_login_ip`='114.88.206.17',`last_login_time`='2020-06-23 11:17:24',`create_time`='2147483647',`user_activation_key`='2',`user_status`='1',`score`='0',`user_type`='1',`coin`='0',`mobile`='13622223333',`follow_num`='1',`gag`='1',`oauth_id`='',`did`='T201600271',`parent`='0',`wx_id`=NULL,`machine_code`=NULL,`q_r_code`='',`password_code`='' WHERE `id` = 1 [ RunTime:0.0043s ]

[ 2020-06-23T11:17:26+08:00 ] 114.88.206.17 /index.php?g=Admin&m=CircleOfFriends&a=index&menuid=189
NOTIC: D方法实例化没找到模型类Common\Model\PostDiggModel
NOTIC: D方法实例化没找到模型类Common\Model\ForumModel
NOTIC: D方法实例化没找到模型类Common\Model\ForumPostModel
NOTIC: D方法实例化没找到模型类Common\Model\ReplyModel
NOTIC: D方法实例化没找到模型类Common\Model\SofModel
NOTIC: D方法实例化没找到模型类Common\Model\LabelModel
NOTIC: D方法实例化没找到模型类Common\Model\SofAttachmentModel

[ 2020-06-23T11:17:34+08:00 ] 114.88.206.17 /index.php?g=Admin&m=Information&a=circle_list&menuid=184
NOTIC: D方法实例化没找到模型类Common\Model\ForumTypeModel
NOTIC: D方法实例化没找到模型类Common\Model\PostDiggModel
NOTIC: D方法实例化没找到模型类Common\Model\ForumModel
NOTIC: D方法实例化没找到模型类Common\Model\ForumPostModel
NOTIC: D方法实例化没找到模型类Common\Model\ReplyModel

[ 2020-06-23T11:17:35+08:00 ] 114.88.206.17 /index.php?g=Admin&m=Information&a=index&menuid=185
NOTIC: D方法实例化没找到模型类Common\Model\ForumTypeModel
NOTIC: D方法实例化没找到模型类Common\Model\PostDiggModel
NOTIC: D方法实例化没找到模型类Common\Model\ForumModel
NOTIC: D方法实例化没找到模型类Common\Model\ForumPostModel
NOTIC: D方法实例化没找到模型类Common\Model\ReplyModel

[ 2020-06-23T11:17:40+08:00 ] 114.88.206.17 /index.php?g=Admin&m=Information&a=index&menuid=185
NOTIC: D方法实例化没找到模型类Common\Model\ForumTypeModel
NOTIC: D方法实例化没找到模型类Common\Model\PostDiggModel
NOTIC: D方法实例化没找到模型类Common\Model\ForumModel
NOTIC: D方法实例化没找到模型类Common\Model\ForumPostModel
NOTIC: D方法实例化没找到模型类Common\Model\ReplyModel

[ 2020-06-23T11:17:44+08:00 ] 114.88.206.17 /index.php?g=Admin&m=Information&a=circle_list&menuid=184
NOTIC: D方法实例化没找到模型类Common\Model\ForumTypeModel
NOTIC: D方法实例化没找到模型类Common\Model\PostDiggModel
NOTIC: D方法实例化没找到模型类Common\Model\ForumModel
NOTIC: D方法实例化没找到模型类Common\Model\ForumPostModel
NOTIC: D方法实例化没找到模型类Common\Model\ReplyModel

[ 2020-06-23T11:19:23+08:00 ] 114.88.206.17 /index.php?g=Admin&m=Information&a=post_reply&menuid=186
NOTIC: D方法实例化没找到模型类Common\Model\ForumTypeModel
NOTIC: D方法实例化没找到模型类Common\Model\PostDiggModel
NOTIC: D方法实例化没找到模型类Common\Model\ForumModel
NOTIC: D方法实例化没找到模型类Common\Model\ForumPostModel
NOTIC: D方法实例化没找到模型类Common\Model\ReplyModel

[ 2020-06-23T11:19:23+08:00 ] 114.88.206.17 /index.php?g=Admin&m=Information&a=index&menuid=185
NOTIC: D方法实例化没找到模型类Common\Model\ForumTypeModel
NOTIC: D方法实例化没找到模型类Common\Model\PostDiggModel
NOTIC: D方法实例化没找到模型类Common\Model\ForumModel
NOTIC: D方法实例化没找到模型类Common\Model\ForumPostModel
NOTIC: D方法实例化没找到模型类Common\Model\ReplyModel

[ 2020-06-23T11:22:38+08:00 ] 114.88.206.17 /index.php?g=Admin&m=Information&a=post_reply&menuid=186
NOTIC: D方法实例化没找到模型类Common\Model\ForumTypeModel
NOTIC: D方法实例化没找到模型类Common\Model\PostDiggModel
NOTIC: D方法实例化没找到模型类Common\Model\ForumModel
NOTIC: D方法实例化没找到模型类Common\Model\ForumPostModel
NOTIC: D方法实例化没找到模型类Common\Model\ReplyModel

[ 2020-06-23T12:52:27+08:00 ] 114.88.206.17 /index.php?g=Admin&m=Information&a=circle_list&menuid=184
ERR: SQLSTATE[42S02]: Base table or view not found: 1146 Table 'sns.az_weixin_options_link' doesn't exist

[ 2020-06-23T12:52:30+08:00 ] 114.88.206.17 /index.php?g=Admin&m=Information&a=index&menuid=185
ERR: SQLSTATE[42S02]: Base table or view not found: 1146 Table 'sns.az_weixin_options_link' doesn't exist

[ 2020-06-23T12:52:31+08:00 ] 114.88.206.17 /index.php?g=Admin&m=Information&a=post_reply&menuid=186
ERR: SQLSTATE[42S02]: Base table or view not found: 1146 Table 'sns.az_weixin_options_link' doesn't exist

[ 2020-06-23T12:52:32+08:00 ] 114.88.206.17 /index.php?g=Admin&m=Information&a=circle_type&menuid=187
ERR: SQLSTATE[42S02]: Base table or view not found: 1146 Table 'sns.az_weixin_options_link' doesn't exist

[ 2020-06-23T12:52:36+08:00 ] 114.88.206.17 /index.php?g=Admin&m=Information&a=index&menuid=185
ERR: SQLSTATE[42S02]: Base table or view not found: 1146 Table 'sns.az_weixin_options_link' doesn't exist

[ 2020-06-23T12:52:38+08:00 ] 114.88.206.17 /index.php?g=Admin&m=Information&a=circle_list&menuid=184
ERR: SQLSTATE[42S02]: Base table or view not found: 1146 Table 'sns.az_weixin_options_link' doesn't exist

[ 2020-06-23T12:53:04+08:00 ] 114.88.206.17 /index.php?g=Admin&m=Information&a=circle_list&menuid=184
NOTIC: D方法实例化没找到模型类Common\Model\ForumTypeModel
NOTIC: D方法实例化没找到模型类Common\Model\PostDiggModel
NOTIC: D方法实例化没找到模型类Common\Model\ForumModel
NOTIC: D方法实例化没找到模型类Common\Model\ForumPostModel
NOTIC: D方法实例化没找到模型类Common\Model\ReplyModel

[ 2020-06-23T12:53:05+08:00 ] 114.88.206.17 /index.php?g=Admin&m=Information&a=index&menuid=185
NOTIC: D方法实例化没找到模型类Common\Model\ForumTypeModel
NOTIC: D方法实例化没找到模型类Common\Model\PostDiggModel
NOTIC: D方法实例化没找到模型类Common\Model\ForumModel
NOTIC: D方法实例化没找到模型类Common\Model\ForumPostModel
NOTIC: D方法实例化没找到模型类Common\Model\ReplyModel

[ 2020-06-23T12:53:06+08:00 ] 114.88.206.17 /index.php?g=Admin&m=Information&a=post_reply&menuid=186
NOTIC: D方法实例化没找到模型类Common\Model\ForumTypeModel
NOTIC: D方法实例化没找到模型类Common\Model\PostDiggModel
NOTIC: D方法实例化没找到模型类Common\Model\ForumModel
NOTIC: D方法实例化没找到模型类Common\Model\ForumPostModel
NOTIC: D方法实例化没找到模型类Common\Model\ReplyModel

[ 2020-06-23T12:53:07+08:00 ] 114.88.206.17 /index.php?g=Admin&m=Information&a=circle_type&menuid=187
NOTIC: D方法实例化没找到模型类Common\Model\ForumTypeModel
NOTIC: D方法实例化没找到模型类Common\Model\PostDiggModel
NOTIC: D方法实例化没找到模型类Common\Model\ForumModel
NOTIC: D方法实例化没找到模型类Common\Model\ForumPostModel
NOTIC: D方法实例化没找到模型类Common\Model\ReplyModel

[ 2020-06-23T12:54:27+08:00 ] 114.88.206.17 /index.php?g=Admin&m=Information&a=circle_type&menuid=187
NOTIC: D方法实例化没找到模型类Common\Model\ForumTypeModel
NOTIC: D方法实例化没找到模型类Common\Model\PostDiggModel
NOTIC: D方法实例化没找到模型类Common\Model\ForumModel
NOTIC: D方法实例化没找到模型类Common\Model\ForumPostModel
NOTIC: D方法实例化没找到模型类Common\Model\ReplyModel

[ 2020-06-23T12:54:28+08:00 ] 114.88.206.17 /index.php?g=Admin&m=CircleOfFriends&a=circle_reply&menuid=190
NOTIC: D方法实例化没找到模型类Common\Model\PostDiggModel
NOTIC: D方法实例化没找到模型类Common\Model\ForumModel
NOTIC: D方法实例化没找到模型类Common\Model\ForumPostModel
NOTIC: D方法实例化没找到模型类Common\Model\ReplyModel
NOTIC: D方法实例化没找到模型类Common\Model\SofModel
NOTIC: D方法实例化没找到模型类Common\Model\LabelModel
NOTIC: D方法实例化没找到模型类Common\Model\SofAttachmentModel

[ 2020-06-23T12:54:29+08:00 ] 114.88.206.17 /index.php?g=Admin&m=CircleOfFriends&a=index&menuid=189
NOTIC: D方法实例化没找到模型类Common\Model\PostDiggModel
NOTIC: D方法实例化没找到模型类Common\Model\ForumModel
NOTIC: D方法实例化没找到模型类Common\Model\ForumPostModel
NOTIC: D方法实例化没找到模型类Common\Model\ReplyModel
NOTIC: D方法实例化没找到模型类Common\Model\SofModel
NOTIC: D方法实例化没找到模型类Common\Model\LabelModel
NOTIC: D方法实例化没找到模型类Common\Model\SofAttachmentModel

[ 2020-06-23T12:54:47+08:00 ] 114.88.206.17 /index.php?g=Admin&m=CircleOfFriends&a=index&menuid=189
NOTIC: D方法实例化没找到模型类Common\Model\PostDiggModel
NOTIC: D方法实例化没找到模型类Common\Model\ForumModel
NOTIC: D方法实例化没找到模型类Common\Model\ForumPostModel
NOTIC: D方法实例化没找到模型类Common\Model\ReplyModel
NOTIC: D方法实例化没找到模型类Common\Model\SofModel
NOTIC: D方法实例化没找到模型类Common\Model\LabelModel
NOTIC: D方法实例化没找到模型类Common\Model\SofAttachmentModel

[ 2020-06-23T12:54:47+08:00 ] 114.88.206.17 /index.php?g=Admin&m=CircleOfFriends&a=index&menuid=189
NOTIC: D方法实例化没找到模型类Common\Model\PostDiggModel
NOTIC: D方法实例化没找到模型类Common\Model\ForumModel
NOTIC: D方法实例化没找到模型类Common\Model\ForumPostModel
NOTIC: D方法实例化没找到模型类Common\Model\ReplyModel
NOTIC: D方法实例化没找到模型类Common\Model\SofModel
NOTIC: D方法实例化没找到模型类Common\Model\LabelModel
NOTIC: D方法实例化没找到模型类Common\Model\SofAttachmentModel

[ 2020-06-23T14:20:47+08:00 ] 114.88.206.17 /index.php?g=Admin&m=CircleOfFriends&a=index&menuid=189
NOTIC: D方法实例化没找到模型类Common\Model\PostDiggModel
NOTIC: D方法实例化没找到模型类Common\Model\ForumModel
NOTIC: D方法实例化没找到模型类Common\Model\ForumPostModel
NOTIC: D方法实例化没找到模型类Common\Model\ReplyModel
NOTIC: D方法实例化没找到模型类Common\Model\SofModel
NOTIC: D方法实例化没找到模型类Common\Model\LabelModel
NOTIC: D方法实例化没找到模型类Common\Model\SofAttachmentModel

[ 2020-06-23T14:21:00+08:00 ] 114.88.206.17 /index.php?g=Admin&m=CircleOfFriends&a=index&menuid=189
NOTIC: D方法实例化没找到模型类Common\Model\PostDiggModel
NOTIC: D方法实例化没找到模型类Common\Model\ForumModel
NOTIC: D方法实例化没找到模型类Common\Model\ForumPostModel
NOTIC: D方法实例化没找到模型类Common\Model\ReplyModel
NOTIC: D方法实例化没找到模型类Common\Model\SofModel
NOTIC: D方法实例化没找到模型类Common\Model\LabelModel
NOTIC: D方法实例化没找到模型类Common\Model\SofAttachmentModel

[ 2020-06-23T14:21:02+08:00 ] 114.88.206.17 /index.php?g=Admin&m=CircleOfFriends&a=circle_reply&menuid=190
NOTIC: D方法实例化没找到模型类Common\Model\PostDiggModel
NOTIC: D方法实例化没找到模型类Common\Model\ForumModel
NOTIC: D方法实例化没找到模型类Common\Model\ForumPostModel
NOTIC: D方法实例化没找到模型类Common\Model\ReplyModel
NOTIC: D方法实例化没找到模型类Common\Model\SofModel
NOTIC: D方法实例化没找到模型类Common\Model\LabelModel
NOTIC: D方法实例化没找到模型类Common\Model\SofAttachmentModel

[ 2020-06-23T14:21:09+08:00 ] 114.88.206.17 /index.php?g=Admin&m=CircleOfFriends&a=index&menuid=189
NOTIC: D方法实例化没找到模型类Common\Model\PostDiggModel
NOTIC: D方法实例化没找到模型类Common\Model\ForumModel
NOTIC: D方法实例化没找到模型类Common\Model\ForumPostModel
NOTIC: D方法实例化没找到模型类Common\Model\ReplyModel
NOTIC: D方法实例化没找到模型类Common\Model\SofModel
NOTIC: D方法实例化没找到模型类Common\Model\LabelModel
NOTIC: D方法实例化没找到模型类Common\Model\SofAttachmentModel

[ 2020-06-23T14:21:11+08:00 ] 114.88.206.17 /index.php?g=Admin&m=CircleOfFriends&a=circle_reply&menuid=190
NOTIC: D方法实例化没找到模型类Common\Model\PostDiggModel
NOTIC: D方法实例化没找到模型类Common\Model\ForumModel
NOTIC: D方法实例化没找到模型类Common\Model\ForumPostModel
NOTIC: D方法实例化没找到模型类Common\Model\ReplyModel
NOTIC: D方法实例化没找到模型类Common\Model\SofModel
NOTIC: D方法实例化没找到模型类Common\Model\LabelModel
NOTIC: D方法实例化没找到模型类Common\Model\SofAttachmentModel

[ 2020-06-23T14:21:48+08:00 ] 114.88.206.17 /index.php?g=Admin&m=CircleOfFriends&a=index&menuid=189
NOTIC: D方法实例化没找到模型类Common\Model\PostDiggModel
NOTIC: D方法实例化没找到模型类Common\Model\ForumModel
NOTIC: D方法实例化没找到模型类Common\Model\ForumPostModel
NOTIC: D方法实例化没找到模型类Common\Model\ReplyModel
NOTIC: D方法实例化没找到模型类Common\Model\SofModel
NOTIC: D方法实例化没找到模型类Common\Model\LabelModel
NOTIC: D方法实例化没找到模型类Common\Model\SofAttachmentModel

[ 2020-06-23T14:21:50+08:00 ] 114.88.206.17 /index.php?g=Admin&m=Information&a=circle_list&menuid=184
NOTIC: D方法实例化没找到模型类Common\Model\ForumTypeModel
NOTIC: D方法实例化没找到模型类Common\Model\PostDiggModel
NOTIC: D方法实例化没找到模型类Common\Model\ForumModel
NOTIC: D方法实例化没找到模型类Common\Model\ForumPostModel
NOTIC: D方法实例化没找到模型类Common\Model\ReplyModel

[ 2020-06-23T14:22:01+08:00 ] 114.88.206.17 /index.php?g=Admin&m=Information&a=post_reply&menuid=186
NOTIC: D方法实例化没找到模型类Common\Model\ForumTypeModel
NOTIC: D方法实例化没找到模型类Common\Model\PostDiggModel
NOTIC: D方法实例化没找到模型类Common\Model\ForumModel
NOTIC: D方法实例化没找到模型类Common\Model\ForumPostModel
NOTIC: D方法实例化没找到模型类Common\Model\ReplyModel

[ 2020-06-23T14:22:04+08:00 ] 114.88.206.17 /index.php?g=Admin&m=Information&a=post_reply&menuid=186
NOTIC: D方法实例化没找到模型类Common\Model\ForumTypeModel
NOTIC: D方法实例化没找到模型类Common\Model\PostDiggModel
NOTIC: D方法实例化没找到模型类Common\Model\ForumModel
NOTIC: D方法实例化没找到模型类Common\Model\ForumPostModel
NOTIC: D方法实例化没找到模型类Common\Model\ReplyModel

[ 2020-06-23T14:22:06+08:00 ] 114.88.206.17 /index.php?g=Admin&m=Information&a=index&menuid=185
NOTIC: D方法实例化没找到模型类Common\Model\ForumTypeModel
NOTIC: D方法实例化没找到模型类Common\Model\PostDiggModel
NOTIC: D方法实例化没找到模型类Common\Model\ForumModel
NOTIC: D方法实例化没找到模型类Common\Model\ForumPostModel
NOTIC: D方法实例化没找到模型类Common\Model\ReplyModel

[ 2020-06-23T14:22:07+08:00 ] 114.88.206.17 /index.php?g=Admin&m=Information&a=circle_list&menuid=184
NOTIC: D方法实例化没找到模型类Common\Model\ForumTypeModel
NOTIC: D方法实例化没找到模型类Common\Model\PostDiggModel
NOTIC: D方法实例化没找到模型类Common\Model\ForumModel
NOTIC: D方法实例化没找到模型类Common\Model\ForumPostModel
NOTIC: D方法实例化没找到模型类Common\Model\ReplyModel

[ 2020-06-23T14:22:23+08:00 ] 114.88.206.17 /index.php?g=Admin&m=Information&a=index&menuid=185
NOTIC: D方法实例化没找到模型类Common\Model\ForumTypeModel
NOTIC: D方法实例化没找到模型类Common\Model\PostDiggModel
NOTIC: D方法实例化没找到模型类Common\Model\ForumModel
NOTIC: D方法实例化没找到模型类Common\Model\ForumPostModel
NOTIC: D方法实例化没找到模型类Common\Model\ReplyModel

[ 2020-06-23T14:22:42+08:00 ] 114.88.206.17 /index.php?g=Admin&m=Information&a=post_reply&menuid=186
NOTIC: D方法实例化没找到模型类Common\Model\ForumTypeModel
NOTIC: D方法实例化没找到模型类Common\Model\PostDiggModel
NOTIC: D方法实例化没找到模型类Common\Model\ForumModel
NOTIC: D方法实例化没找到模型类Common\Model\ForumPostModel
NOTIC: D方法实例化没找到模型类Common\Model\ReplyModel

[ 2020-06-23T14:22:42+08:00 ] 114.88.206.17 /index.php?g=Admin&m=Information&a=index&menuid=185
NOTIC: D方法实例化没找到模型类Common\Model\ForumTypeModel
NOTIC: D方法实例化没找到模型类Common\Model\PostDiggModel
NOTIC: D方法实例化没找到模型类Common\Model\ForumModel
NOTIC: D方法实例化没找到模型类Common\Model\ForumPostModel
NOTIC: D方法实例化没找到模型类Common\Model\ReplyModel

[ 2020-06-23T14:23:14+08:00 ] 114.88.206.17 /index.php?g=Admin&m=CircleOfFriends&a=index&menuid=189
NOTIC: D方法实例化没找到模型类Common\Model\PostDiggModel
NOTIC: D方法实例化没找到模型类Common\Model\ForumModel
NOTIC: D方法实例化没找到模型类Common\Model\ForumPostModel
NOTIC: D方法实例化没找到模型类Common\Model\ReplyModel
NOTIC: D方法实例化没找到模型类Common\Model\SofModel
NOTIC: D方法实例化没找到模型类Common\Model\LabelModel
NOTIC: D方法实例化没找到模型类Common\Model\SofAttachmentModel

[ 2020-06-23T14:31:13+08:00 ] 114.88.206.17 /index.php?g=Admin&m=public&a=dologin
INFO: [ app_begin ] --START--
INFO: Run Behavior\ReadHtmlCacheBehavior [ RunTime:0.000024s ]
INFO: Run Behavior\CheckLangBehavior [ RunTime:0.000098s ]
INFO: [ app_begin ] --END-- [ RunTime:0.000163s ]
SQL: SHOW COLUMNS FROM `az_users` [ RunTime:0.0018s ]
SQL: SELECT * FROM `az_users` WHERE `user_login` = 'anzai' LIMIT 1   [ RunTime:0.0015s ]
SQL: SHOW COLUMNS FROM `az_role_user` [ RunTime:0.0015s ]
SQL: SELECT `role_id` FROM az_role_user a INNER JOIN az_role as b on a.role_id =b.id  WHERE `user_id` = '1' AND `status` = 1  [ RunTime:0.0012s ]
SQL: SHOW COLUMNS FROM `az_login_log` [ RunTime:0.0014s ]
SQL: INSERT INTO `az_login_log` (`ipaddress`,`uid`,`createtime`,`type`) VALUES ('114.88.206.17','1','1592893873','1') [ RunTime:0.0042s ]
SQL: UPDATE `az_users` SET `user_login`='anzai',`user_pass`='###d6d7e2009e3919a229414e366b545dd1',`user_nicename`='管理员',`user_email`='13622223333',`user_url`='',`avatar`='',`sex`='0',`birthday`='2018-04-04',`signature`='',`last_login_ip`='114.88.206.17',`last_login_time`='2020-06-23 14:31:13',`create_time`='2147483647',`user_activation_key`='2',`user_status`='1',`score`='0',`user_type`='1',`coin`='0',`mobile`='13622223333',`follow_num`='1',`gag`='1',`oauth_id`='',`did`='T201600271',`parent`='0',`wx_id`=NULL,`machine_code`=NULL,`q_r_code`='',`password_code`='' WHERE `id` = 1 [ RunTime:0.0036s ]

[ 2020-06-23T14:31:17+08:00 ] 114.88.206.17 /index.php?g=Admin&m=CircleOfFriends&a=index&menuid=189
NOTIC: D方法实例化没找到模型类Common\Model\PostDiggModel
NOTIC: D方法实例化没找到模型类Common\Model\ForumModel
NOTIC: D方法实例化没找到模型类Common\Model\ForumPostModel
NOTIC: D方法实例化没找到模型类Common\Model\ReplyModel
NOTIC: D方法实例化没找到模型类Common\Model\SofModel
NOTIC: D方法实例化没找到模型类Common\Model\LabelModel
NOTIC: D方法实例化没找到模型类Common\Model\SofAttachmentModel

[ 2020-06-23T14:31:18+08:00 ] 114.88.206.17 /index.php?g=Admin&m=CircleOfFriends&a=circle_reply&menuid=190
NOTIC: D方法实例化没找到模型类Common\Model\PostDiggModel
NOTIC: D方法实例化没找到模型类Common\Model\ForumModel
NOTIC: D方法实例化没找到模型类Common\Model\ForumPostModel
NOTIC: D方法实例化没找到模型类Common\Model\ReplyModel
NOTIC: D方法实例化没找到模型类Common\Model\SofModel
NOTIC: D方法实例化没找到模型类Common\Model\LabelModel
NOTIC: D方法实例化没找到模型类Common\Model\SofAttachmentModel

[ 2020-06-23T14:31:23+08:00 ] 114.88.206.17 /index.php?g=Admin&m=CircleOfFriends&a=circle_reply&menuid=190
NOTIC: D方法实例化没找到模型类Common\Model\PostDiggModel
NOTIC: D方法实例化没找到模型类Common\Model\ForumModel
NOTIC: D方法实例化没找到模型类Common\Model\ForumPostModel
NOTIC: D方法实例化没找到模型类Common\Model\ReplyModel
NOTIC: D方法实例化没找到模型类Common\Model\SofModel
NOTIC: D方法实例化没找到模型类Common\Model\LabelModel
NOTIC: D方法实例化没找到模型类Common\Model\SofAttachmentModel

[ 2020-06-23T14:31:29+08:00 ] 114.88.206.17 /index.php?g=Admin&m=CircleOfFriends&a=index&menuid=189
NOTIC: D方法实例化没找到模型类Common\Model\PostDiggModel
NOTIC: D方法实例化没找到模型类Common\Model\ForumModel
NOTIC: D方法实例化没找到模型类Common\Model\ForumPostModel
NOTIC: D方法实例化没找到模型类Common\Model\ReplyModel
NOTIC: D方法实例化没找到模型类Common\Model\SofModel
NOTIC: D方法实例化没找到模型类Common\Model\LabelModel
NOTIC: D方法实例化没找到模型类Common\Model\SofAttachmentModel

[ 2020-06-23T14:31:29+08:00 ] 114.88.206.17 /index.php?g=Admin&m=CircleOfFriends&a=index&menuid=189
NOTIC: D方法实例化没找到模型类Common\Model\PostDiggModel
NOTIC: D方法实例化没找到模型类Common\Model\ForumModel
NOTIC: D方法实例化没找到模型类Common\Model\ForumPostModel
NOTIC: D方法实例化没找到模型类Common\Model\ReplyModel
NOTIC: D方法实例化没找到模型类Common\Model\SofModel
NOTIC: D方法实例化没找到模型类Common\Model\LabelModel
NOTIC: D方法实例化没找到模型类Common\Model\SofAttachmentModel

[ 2020-06-23T14:31:31+08:00 ] 114.88.206.17 /index.php?g=Admin&m=CircleOfFriends&a=circle_reply&menuid=190
NOTIC: D方法实例化没找到模型类Common\Model\PostDiggModel
NOTIC: D方法实例化没找到模型类Common\Model\ForumModel
NOTIC: D方法实例化没找到模型类Common\Model\ForumPostModel
NOTIC: D方法实例化没找到模型类Common\Model\ReplyModel
NOTIC: D方法实例化没找到模型类Common\Model\SofModel
NOTIC: D方法实例化没找到模型类Common\Model\LabelModel
NOTIC: D方法实例化没找到模型类Common\Model\SofAttachmentModel

[ 2020-06-23T14:31:48+08:00 ] 114.88.206.17 /index.php?g=Admin&m=CircleOfFriends&a=select&id=14
INFO: [ app_begin ] --START--
INFO: Run Behavior\ReadHtmlCacheBehavior [ RunTime:0.000035s ]
INFO: Run Behavior\CheckLangBehavior [ RunTime:0.000094s ]
INFO: [ app_begin ] --END-- [ RunTime:0.000168s ]
SQL: SHOW COLUMNS FROM `az_users` [ RunTime:0.0018s ]
SQL: SELECT * FROM `az_users` WHERE ( id=1 ) LIMIT 1   [ RunTime:0.0013s ]
SQL: SHOW COLUMNS FROM `az_weixin_options_link` [ RunTime:0.0015s ]
SQL: SELECT * FROM `az_weixin_options_link` WHERE ( uid=1 ) ORDER BY is_use desc  [ RunTime:0.0012s ]
SQL: SHOW COLUMNS FROM `az_weixin_options` [ RunTime:0.0015s ]
SQL: SELECT * FROM `az_weixin_options` WHERE `id` IN ('115','123') ORDER BY FIND_IN_SET(id,"115,123")  [ RunTime:0.0013s ]
SQL: SHOW COLUMNS FROM `az_users` [ RunTime:0.0015s ]
NOTIC: D方法实例化没找到模型类Common\Model\PostDiggModel
SQL: SHOW COLUMNS FROM `az_post_digg` [ RunTime:0.0014s ]
NOTIC: D方法实例化没找到模型类Common\Model\ForumModel
SQL: SHOW COLUMNS FROM `az_forum` [ RunTime:0.0015s ]
NOTIC: D方法实例化没找到模型类Common\Model\ForumPostModel
SQL: SHOW COLUMNS FROM `az_forum_post` [ RunTime:0.0014s ]
NOTIC: D方法实例化没找到模型类Common\Model\ReplyModel
SQL: SHOW COLUMNS FROM `az_reply` [ RunTime:0.0014s ]
NOTIC: D方法实例化没找到模型类Common\Model\SofModel
SQL: SHOW COLUMNS FROM `az_sof` [ RunTime:0.0014s ]
NOTIC: D方法实例化没找到模型类Common\Model\LabelModel
SQL: SHOW COLUMNS FROM `az_label` [ RunTime:0.0014s ]
NOTIC: D方法实例化没找到模型类Common\Model\SofAttachmentModel
SQL: SHOW COLUMNS FROM `az_sof_attachment` [ RunTime:0.2027s ]
SQL: SELECT * FROM `az_sof` WHERE `id` = 14 LIMIT 1   [ RunTime:0.0013s ]
NOTIC: [8] Undefined index: url /data/wwwroot/svn/accountPayment/sns/application/Common/Controller/AppframeController.class.php 第 24 行.
NOTIC: [8] Undefined index: status /data/wwwroot/svn/accountPayment/sns/application/Common/Controller/AppframeController.class.php 第 25 行.

[ 2020-06-23T14:31:53+08:00 ] 114.88.206.17 /index.php?g=Admin&m=CircleOfFriends&a=select&id=6
INFO: [ app_begin ] --START--
INFO: Run Behavior\ReadHtmlCacheBehavior [ RunTime:0.000023s ]
INFO: Run Behavior\CheckLangBehavior [ RunTime:0.000092s ]
INFO: [ app_begin ] --END-- [ RunTime:0.000152s ]
SQL: SHOW COLUMNS FROM `az_users` [ RunTime:0.0017s ]
SQL: SELECT * FROM `az_users` WHERE ( id=1 ) LIMIT 1   [ RunTime:0.0013s ]
SQL: SHOW COLUMNS FROM `az_weixin_options_link` [ RunTime:0.0014s ]
SQL: SELECT * FROM `az_weixin_options_link` WHERE ( uid=1 ) ORDER BY is_use desc  [ RunTime:0.0012s ]
SQL: SHOW COLUMNS FROM `az_weixin_options` [ RunTime:0.0014s ]
SQL: SELECT * FROM `az_weixin_options` WHERE `id` IN ('115','123') ORDER BY FIND_IN_SET(id,"115,123")  [ RunTime:0.0012s ]
SQL: SHOW COLUMNS FROM `az_users` [ RunTime:0.0014s ]
NOTIC: D方法实例化没找到模型类Common\Model\PostDiggModel
SQL: SHOW COLUMNS FROM `az_post_digg` [ RunTime:0.0013s ]
NOTIC: D方法实例化没找到模型类Common\Model\ForumModel
SQL: SHOW COLUMNS FROM `az_forum` [ RunTime:0.0014s ]
NOTIC: D方法实例化没找到模型类Common\Model\ForumPostModel
SQL: SHOW COLUMNS FROM `az_forum_post` [ RunTime:0.0014s ]
NOTIC: D方法实例化没找到模型类Common\Model\ReplyModel
SQL: SHOW COLUMNS FROM `az_reply` [ RunTime:0.0013s ]
NOTIC: D方法实例化没找到模型类Common\Model\SofModel
SQL: SHOW COLUMNS FROM `az_sof` [ RunTime:0.0013s ]
NOTIC: D方法实例化没找到模型类Common\Model\LabelModel
SQL: SHOW COLUMNS FROM `az_label` [ RunTime:0.0013s ]
NOTIC: D方法实例化没找到模型类Common\Model\SofAttachmentModel
SQL: SHOW COLUMNS FROM `az_sof_attachment` [ RunTime:0.0013s ]
SQL: SELECT * FROM `az_sof` WHERE `id` = 6 LIMIT 1   [ RunTime:0.0013s ]
NOTIC: [8] Undefined index: url /data/wwwroot/svn/accountPayment/sns/application/Common/Controller/AppframeController.class.php 第 24 行.
NOTIC: [8] Undefined index: status /data/wwwroot/svn/accountPayment/sns/application/Common/Controller/AppframeController.class.php 第 25 行.

[ 2020-06-23T14:33:57+08:00 ] 114.88.206.17 /index.php?g=Admin&m=CircleOfFriends&a=select&id=14
INFO: [ app_begin ] --START--
INFO: Run Behavior\ReadHtmlCacheBehavior [ RunTime:0.000036s ]
INFO: Run Behavior\CheckLangBehavior [ RunTime:0.000141s ]
INFO: [ app_begin ] --END-- [ RunTime:0.000229s ]
SQL: SHOW COLUMNS FROM `az_users` [ RunTime:0.0017s ]
SQL: SELECT * FROM `az_users` WHERE ( id=1 ) LIMIT 1   [ RunTime:0.0014s ]
SQL: SHOW COLUMNS FROM `az_weixin_options_link` [ RunTime:0.0015s ]
SQL: SELECT * FROM `az_weixin_options_link` WHERE ( uid=1 ) ORDER BY is_use desc  [ RunTime:0.0012s ]
SQL: SHOW COLUMNS FROM `az_weixin_options` [ RunTime:0.0015s ]
SQL: SELECT * FROM `az_weixin_options` WHERE `id` IN ('115','123') ORDER BY FIND_IN_SET(id,"115,123")  [ RunTime:0.0013s ]
SQL: SHOW COLUMNS FROM `az_users` [ RunTime:0.0015s ]
NOTIC: D方法实例化没找到模型类Common\Model\PostDiggModel
SQL: SHOW COLUMNS FROM `az_post_digg` [ RunTime:0.0014s ]
NOTIC: D方法实例化没找到模型类Common\Model\ForumModel
SQL: SHOW COLUMNS FROM `az_forum` [ RunTime:0.0015s ]
NOTIC: D方法实例化没找到模型类Common\Model\ForumPostModel
SQL: SHOW COLUMNS FROM `az_forum_post` [ RunTime:0.0015s ]
NOTIC: D方法实例化没找到模型类Common\Model\ReplyModel
SQL: SHOW COLUMNS FROM `az_reply` [ RunTime:0.0015s ]
NOTIC: D方法实例化没找到模型类Common\Model\SofModel
SQL: SHOW COLUMNS FROM `az_sof` [ RunTime:0.0015s ]
NOTIC: D方法实例化没找到模型类Common\Model\LabelModel
SQL: SHOW COLUMNS FROM `az_label` [ RunTime:0.0014s ]
NOTIC: D方法实例化没找到模型类Common\Model\SofAttachmentModel
SQL: SHOW COLUMNS FROM `az_sof_attachment` [ RunTime:0.0015s ]
SQL: SELECT * FROM `az_sof` WHERE `id` = 14 LIMIT 1   [ RunTime:0.0012s ]
NOTIC: [8] Undefined index: url /data/wwwroot/svn/accountPayment/sns/application/Common/Controller/AppframeController.class.php 第 24 行.
NOTIC: [8] Undefined index: status /data/wwwroot/svn/accountPayment/sns/application/Common/Controller/AppframeController.class.php 第 25 行.

[ 2020-06-23T14:35:07+08:00 ] 114.88.206.17 /index.php?g=Admin&m=CircleOfFriends&a=select&id=3
INFO: [ app_begin ] --START--
INFO: Run Behavior\ReadHtmlCacheBehavior [ RunTime:0.000031s ]
INFO: Run Behavior\CheckLangBehavior [ RunTime:0.000140s ]
INFO: [ app_begin ] --END-- [ RunTime:0.000225s ]
SQL: SHOW COLUMNS FROM `az_users` [ RunTime:0.0017s ]
SQL: SELECT * FROM `az_users` WHERE ( id=1 ) LIMIT 1   [ RunTime:0.0013s ]
SQL: SHOW COLUMNS FROM `az_weixin_options_link` [ RunTime:0.0015s ]
SQL: SELECT * FROM `az_weixin_options_link` WHERE ( uid=1 ) ORDER BY is_use desc  [ RunTime:0.0012s ]
SQL: SHOW COLUMNS FROM `az_weixin_options` [ RunTime:0.0015s ]
SQL: SELECT * FROM `az_weixin_options` WHERE `id` IN ('115','123') ORDER BY FIND_IN_SET(id,"115,123")  [ RunTime:0.0013s ]
SQL: SHOW COLUMNS FROM `az_users` [ RunTime:0.0015s ]
NOTIC: D方法实例化没找到模型类Common\Model\PostDiggModel
SQL: SHOW COLUMNS FROM `az_post_digg` [ RunTime:0.0014s ]
NOTIC: D方法实例化没找到模型类Common\Model\ForumModel
SQL: SHOW COLUMNS FROM `az_forum` [ RunTime:0.0014s ]
NOTIC: D方法实例化没找到模型类Common\Model\ForumPostModel
SQL: SHOW COLUMNS FROM `az_forum_post` [ RunTime:0.2036s ]
NOTIC: D方法实例化没找到模型类Common\Model\ReplyModel
SQL: SHOW COLUMNS FROM `az_reply` [ RunTime:0.0015s ]
NOTIC: D方法实例化没找到模型类Common\Model\SofModel
SQL: SHOW COLUMNS FROM `az_sof` [ RunTime:0.0014s ]
NOTIC: D方法实例化没找到模型类Common\Model\LabelModel
SQL: SHOW COLUMNS FROM `az_label` [ RunTime:0.0014s ]
NOTIC: D方法实例化没找到模型类Common\Model\SofAttachmentModel
SQL: SHOW COLUMNS FROM `az_sof_attachment` [ RunTime:0.0015s ]
SQL: SELECT * FROM `az_sof` WHERE `id` = 3 LIMIT 1   [ RunTime:0.0012s ]
NOTIC: [8] Undefined index: url /data/wwwroot/svn/accountPayment/sns/application/Common/Controller/AppframeController.class.php 第 24 行.
NOTIC: [8] Undefined index: status /data/wwwroot/svn/accountPayment/sns/application/Common/Controller/AppframeController.class.php 第 25 行.

[ 2020-06-23T14:35:16+08:00 ] 114.88.206.17 /index.php?g=Admin&m=CircleOfFriends&a=select&id=10
INFO: [ app_begin ] --START--
INFO: Run Behavior\ReadHtmlCacheBehavior [ RunTime:0.000024s ]
INFO: Run Behavior\CheckLangBehavior [ RunTime:0.000099s ]
INFO: [ app_begin ] --END-- [ RunTime:0.000163s ]
SQL: SHOW COLUMNS FROM `az_users` [ RunTime:0.0017s ]
SQL: SELECT * FROM `az_users` WHERE ( id=1 ) LIMIT 1   [ RunTime:0.0013s ]
SQL: SHOW COLUMNS FROM `az_weixin_options_link` [ RunTime:0.0014s ]
SQL: SELECT * FROM `az_weixin_options_link` WHERE ( uid=1 ) ORDER BY is_use desc  [ RunTime:0.0012s ]
SQL: SHOW COLUMNS FROM `az_weixin_options` [ RunTime:0.0014s ]
SQL: SELECT * FROM `az_weixin_options` WHERE `id` IN ('115','123') ORDER BY FIND_IN_SET(id,"115,123")  [ RunTime:0.0140s ]
SQL: SHOW COLUMNS FROM `az_users` [ RunTime:0.0014s ]
NOTIC: D方法实例化没找到模型类Common\Model\PostDiggModel
SQL: SHOW COLUMNS FROM `az_post_digg` [ RunTime:0.0013s ]
NOTIC: D方法实例化没找到模型类Common\Model\ForumModel
SQL: SHOW COLUMNS FROM `az_forum` [ RunTime:0.0014s ]
NOTIC: D方法实例化没找到模型类Common\Model\ForumPostModel
SQL: SHOW COLUMNS FROM `az_forum_post` [ RunTime:0.0014s ]
NOTIC: D方法实例化没找到模型类Common\Model\ReplyModel
SQL: SHOW COLUMNS FROM `az_reply` [ RunTime:0.2026s ]
NOTIC: D方法实例化没找到模型类Common\Model\SofModel
SQL: SHOW COLUMNS FROM `az_sof` [ RunTime:0.0016s ]
NOTIC: D方法实例化没找到模型类Common\Model\LabelModel
SQL: SHOW COLUMNS FROM `az_label` [ RunTime:0.0014s ]
NOTIC: D方法实例化没找到模型类Common\Model\SofAttachmentModel
SQL: SHOW COLUMNS FROM `az_sof_attachment` [ RunTime:0.0014s ]
SQL: SELECT * FROM `az_sof` WHERE `id` = 10 LIMIT 1   [ RunTime:0.0013s ]
NOTIC: [8] Undefined index: url /data/wwwroot/svn/accountPayment/sns/application/Common/Controller/AppframeController.class.php 第 24 行.
NOTIC: [8] Undefined index: status /data/wwwroot/svn/accountPayment/sns/application/Common/Controller/AppframeController.class.php 第 25 行.

[ 2020-06-23T14:35:19+08:00 ] 114.88.206.17 /index.php?g=Admin&m=CircleOfFriends&a=select&id=13
INFO: [ app_begin ] --START--
INFO: Run Behavior\ReadHtmlCacheBehavior [ RunTime:0.000025s ]
INFO: Run Behavior\CheckLangBehavior [ RunTime:0.000098s ]
INFO: [ app_begin ] --END-- [ RunTime:0.000172s ]
SQL: SHOW COLUMNS FROM `az_users` [ RunTime:0.0018s ]
SQL: SELECT * FROM `az_users` WHERE ( id=1 ) LIMIT 1   [ RunTime:0.0014s ]
SQL: SHOW COLUMNS FROM `az_weixin_options_link` [ RunTime:0.2029s ]
SQL: SELECT * FROM `az_weixin_options_link` WHERE ( uid=1 ) ORDER BY is_use desc  [ RunTime:0.0013s ]
SQL: SHOW COLUMNS FROM `az_weixin_options` [ RunTime:0.0016s ]
SQL: SELECT * FROM `az_weixin_options` WHERE `id` IN ('115','123') ORDER BY FIND_IN_SET(id,"115,123")  [ RunTime:0.0136s ]
SQL: SHOW COLUMNS FROM `az_users` [ RunTime:0.0016s ]
NOTIC: D方法实例化没找到模型类Common\Model\PostDiggModel
SQL: SHOW COLUMNS FROM `az_post_digg` [ RunTime:0.0014s ]
NOTIC: D方法实例化没找到模型类Common\Model\ForumModel
SQL: SHOW COLUMNS FROM `az_forum` [ RunTime:0.0014s ]
NOTIC: D方法实例化没找到模型类Common\Model\ForumPostModel
SQL: SHOW COLUMNS FROM `az_forum_post` [ RunTime:0.0014s ]
NOTIC: D方法实例化没找到模型类Common\Model\ReplyModel
SQL: SHOW COLUMNS FROM `az_reply` [ RunTime:0.0014s ]
NOTIC: D方法实例化没找到模型类Common\Model\SofModel
SQL: SHOW COLUMNS FROM `az_sof` [ RunTime:0.2028s ]
NOTIC: D方法实例化没找到模型类Common\Model\LabelModel
SQL: SHOW COLUMNS FROM `az_label` [ RunTime:0.0016s ]
NOTIC: D方法实例化没找到模型类Common\Model\SofAttachmentModel
SQL: SHOW COLUMNS FROM `az_sof_attachment` [ RunTime:0.0015s ]
SQL: SELECT * FROM `az_sof` WHERE `id` = 13 LIMIT 1   [ RunTime:0.0012s ]
NOTIC: [8] Undefined index: url /data/wwwroot/svn/accountPayment/sns/application/Common/Controller/AppframeController.class.php 第 24 行.
NOTIC: [8] Undefined index: status /data/wwwroot/svn/accountPayment/sns/application/Common/Controller/AppframeController.class.php 第 25 行.

[ 2020-06-23T14:35:55+08:00 ] 114.88.206.17 /index.php?g=Admin&m=CircleOfFriends&a=circle_reply&menuid=190
NOTIC: D方法实例化没找到模型类Common\Model\PostDiggModel
NOTIC: D方法实例化没找到模型类Common\Model\ForumModel
NOTIC: D方法实例化没找到模型类Common\Model\ForumPostModel
NOTIC: D方法实例化没找到模型类Common\Model\ReplyModel
NOTIC: D方法实例化没找到模型类Common\Model\SofModel
NOTIC: D方法实例化没找到模型类Common\Model\LabelModel
NOTIC: D方法实例化没找到模型类Common\Model\SofAttachmentModel

[ 2020-06-23T14:36:01+08:00 ] 114.88.206.17 /index.php?g=Admin&m=CircleOfFriends&a=index&menuid=189
NOTIC: D方法实例化没找到模型类Common\Model\PostDiggModel
NOTIC: D方法实例化没找到模型类Common\Model\ForumModel
NOTIC: D方法实例化没找到模型类Common\Model\ForumPostModel
NOTIC: D方法实例化没找到模型类Common\Model\ReplyModel
NOTIC: D方法实例化没找到模型类Common\Model\SofModel
NOTIC: D方法实例化没找到模型类Common\Model\LabelModel
NOTIC: D方法实例化没找到模型类Common\Model\SofAttachmentModel

[ 2020-06-23T14:36:04+08:00 ] 114.88.206.17 /index.php?g=Admin&m=CircleOfFriends&a=circle_reply&menuid=190
NOTIC: D方法实例化没找到模型类Common\Model\PostDiggModel
NOTIC: D方法实例化没找到模型类Common\Model\ForumModel
NOTIC: D方法实例化没找到模型类Common\Model\ForumPostModel
NOTIC: D方法实例化没找到模型类Common\Model\ReplyModel
NOTIC: D方法实例化没找到模型类Common\Model\SofModel
NOTIC: D方法实例化没找到模型类Common\Model\LabelModel
NOTIC: D方法实例化没找到模型类Common\Model\SofAttachmentModel

[ 2020-06-23T14:36:20+08:00 ] 114.88.206.17 /index.php?g=Admin&m=CircleOfFriends&a=index&menuid=189
NOTIC: D方法实例化没找到模型类Common\Model\PostDiggModel
NOTIC: D方法实例化没找到模型类Common\Model\ForumModel
NOTIC: D方法实例化没找到模型类Common\Model\ForumPostModel
NOTIC: D方法实例化没找到模型类Common\Model\ReplyModel
NOTIC: D方法实例化没找到模型类Common\Model\SofModel
NOTIC: D方法实例化没找到模型类Common\Model\LabelModel
NOTIC: D方法实例化没找到模型类Common\Model\SofAttachmentModel

[ 2020-06-23T14:36:40+08:00 ] 114.88.206.17 /index.php?g=Admin&m=CircleOfFriends&a=index&menuid=189
NOTIC: D方法实例化没找到模型类Common\Model\PostDiggModel
NOTIC: D方法实例化没找到模型类Common\Model\ForumModel
NOTIC: D方法实例化没找到模型类Common\Model\ForumPostModel
NOTIC: D方法实例化没找到模型类Common\Model\ReplyModel
NOTIC: D方法实例化没找到模型类Common\Model\SofModel
NOTIC: D方法实例化没找到模型类Common\Model\LabelModel
NOTIC: D方法实例化没找到模型类Common\Model\SofAttachmentModel

[ 2020-06-23T14:38:26+08:00 ] 114.88.206.17 /index.php?g=Admin&m=CircleOfFriends&a=index&menuid=189
NOTIC: D方法实例化没找到模型类Common\Model\PostDiggModel
NOTIC: D方法实例化没找到模型类Common\Model\ForumModel
NOTIC: D方法实例化没找到模型类Common\Model\ForumPostModel
NOTIC: D方法实例化没找到模型类Common\Model\ReplyModel
NOTIC: D方法实例化没找到模型类Common\Model\SofModel
NOTIC: D方法实例化没找到模型类Common\Model\LabelModel
NOTIC: D方法实例化没找到模型类Common\Model\SofAttachmentModel

[ 2020-06-23T14:42:46+08:00 ] 114.88.206.17 /index.php?g=Admin&m=CircleOfFriends&a=index&menuid=189
NOTIC: D方法实例化没找到模型类Common\Model\PostDiggModel
NOTIC: D方法实例化没找到模型类Common\Model\ForumModel
NOTIC: D方法实例化没找到模型类Common\Model\ForumPostModel
NOTIC: D方法实例化没找到模型类Common\Model\ReplyModel
NOTIC: D方法实例化没找到模型类Common\Model\SofModel
NOTIC: D方法实例化没找到模型类Common\Model\LabelModel
NOTIC: D方法实例化没找到模型类Common\Model\SofAttachmentModel

[ 2020-06-23T14:44:09+08:00 ] 114.88.206.17 /index.php?g=Admin&m=CircleOfFriends&a=index&menuid=189
NOTIC: D方法实例化没找到模型类Common\Model\PostDiggModel
NOTIC: D方法实例化没找到模型类Common\Model\ForumModel
NOTIC: D方法实例化没找到模型类Common\Model\ForumPostModel
NOTIC: D方法实例化没找到模型类Common\Model\ReplyModel
NOTIC: D方法实例化没找到模型类Common\Model\SofModel
NOTIC: D方法实例化没找到模型类Common\Model\LabelModel
NOTIC: D方法实例化没找到模型类Common\Model\SofAttachmentModel

[ 2020-06-23T14:46:14+08:00 ] 114.88.206.17 /index.php?g=Admin&m=CircleOfFriends&a=index&menuid=189
NOTIC: D方法实例化没找到模型类Common\Model\PostDiggModel
NOTIC: D方法实例化没找到模型类Common\Model\ForumModel
NOTIC: D方法实例化没找到模型类Common\Model\ForumPostModel
NOTIC: D方法实例化没找到模型类Common\Model\ReplyModel
NOTIC: D方法实例化没找到模型类Common\Model\SofModel
NOTIC: D方法实例化没找到模型类Common\Model\LabelModel
NOTIC: D方法实例化没找到模型类Common\Model\SofAttachmentModel

[ 2020-06-23T14:46:59+08:00 ] 114.88.206.17 /index.php?g=Admin&m=CircleOfFriends&a=index&menuid=189
NOTIC: D方法实例化没找到模型类Common\Model\PostDiggModel
NOTIC: D方法实例化没找到模型类Common\Model\ForumModel
NOTIC: D方法实例化没找到模型类Common\Model\ForumPostModel
NOTIC: D方法实例化没找到模型类Common\Model\ReplyModel
NOTIC: D方法实例化没找到模型类Common\Model\SofModel
NOTIC: D方法实例化没找到模型类Common\Model\LabelModel
NOTIC: D方法实例化没找到模型类Common\Model\SofAttachmentModel

[ 2020-06-23T14:49:34+08:00 ] 114.88.206.17 /index.php?g=Admin&m=CircleOfFriends&a=index&menuid=189
NOTIC: D方法实例化没找到模型类Common\Model\PostDiggModel
NOTIC: D方法实例化没找到模型类Common\Model\ForumModel
NOTIC: D方法实例化没找到模型类Common\Model\ForumPostModel
NOTIC: D方法实例化没找到模型类Common\Model\ReplyModel
NOTIC: D方法实例化没找到模型类Common\Model\SofModel
NOTIC: D方法实例化没找到模型类Common\Model\LabelModel
NOTIC: D方法实例化没找到模型类Common\Model\SofAttachmentModel

[ 2020-06-23T16:50:33+08:00 ] 114.88.206.17 /index.php?g=Admin&m=CircleOfFriends&a=index&menuid=189
NOTIC: D方法实例化没找到模型类Common\Model\PostDiggModel
NOTIC: D方法实例化没找到模型类Common\Model\ForumModel
NOTIC: D方法实例化没找到模型类Common\Model\ForumPostModel
NOTIC: D方法实例化没找到模型类Common\Model\ReplyModel
NOTIC: D方法实例化没找到模型类Common\Model\SofModel
NOTIC: D方法实例化没找到模型类Common\Model\LabelModel
NOTIC: D方法实例化没找到模型类Common\Model\SofAttachmentModel

