[ 2019-01-08T15:17:33+08:00 ] 180.161.118.229 /index.php?g=Portal&m=AdminPost&a=comment_article&menuid=201
NOTIC: D方法实例化没找到模型类Portal\Model\PostsModel
NOTIC: D方法实例化没找到模型类Portal\Model\SignUpModel
NOTIC: D方法实例化没找到模型类Common\Model\MessageContentModel
NOTIC: D方法实例化没找到模型类Common\Model\ReplyModel

[ 2019-01-08T15:17:33+08:00 ] 180.161.118.229 /index.php?g=Portal&m=AdminPost&a=article&menuid=199
NOTIC: D方法实例化没找到模型类Portal\Model\PostsModel
NOTIC: D方法实例化没找到模型类Portal\Model\SignUpModel
NOTIC: D方法实例化没找到模型类Common\Model\MessageContentModel
NOTIC: D方法实例化没找到模型类Common\Model\ReplyModel

[ 2019-01-08T15:17:34+08:00 ] 180.161.118.229 /index.php?g=Portal&m=AdminPost&a=comment_article&menuid=201
NOTIC: D方法实例化没找到模型类Portal\Model\PostsModel
NOTIC: D方法实例化没找到模型类Portal\Model\SignUpModel
NOTIC: D方法实例化没找到模型类Common\Model\MessageContentModel
NOTIC: D方法实例化没找到模型类Common\Model\ReplyModel

[ 2019-01-08T15:17:35+08:00 ] 180.161.118.229 /index.php?g=Portal&m=AdminPost&a=recyarticle&menuid=200
NOTIC: D方法实例化没找到模型类Portal\Model\PostsModel
NOTIC: D方法实例化没找到模型类Portal\Model\SignUpModel
NOTIC: D方法实例化没找到模型类Common\Model\MessageContentModel
NOTIC: D方法实例化没找到模型类Common\Model\ReplyModel

[ 2019-01-08T15:17:36+08:00 ] 180.161.118.229 /index.php?g=Portal&m=AdminPost&a=recyarticle&menuid=200
NOTIC: D方法实例化没找到模型类Portal\Model\PostsModel
NOTIC: D方法实例化没找到模型类Portal\Model\SignUpModel
NOTIC: D方法实例化没找到模型类Common\Model\MessageContentModel
NOTIC: D方法实例化没找到模型类Common\Model\ReplyModel

[ 2019-01-08T15:17:46+08:00 ] 180.161.118.229 /index.php?g=Portal&m=AdminPost&a=article&menuid=199
NOTIC: D方法实例化没找到模型类Portal\Model\PostsModel
NOTIC: D方法实例化没找到模型类Portal\Model\SignUpModel
NOTIC: D方法实例化没找到模型类Common\Model\MessageContentModel
NOTIC: D方法实例化没找到模型类Common\Model\ReplyModel

[ 2019-01-08T15:17:47+08:00 ] 180.161.118.229 /index.php?g=Portal&m=AdminPost&a=comment_article&menuid=201
NOTIC: D方法实例化没找到模型类Portal\Model\PostsModel
NOTIC: D方法实例化没找到模型类Portal\Model\SignUpModel
NOTIC: D方法实例化没找到模型类Common\Model\MessageContentModel
NOTIC: D方法实例化没找到模型类Common\Model\ReplyModel

[ 2019-01-08T15:17:47+08:00 ] 180.161.118.229 /index.php?g=Portal&m=AdminPost&a=recyarticle&menuid=200
NOTIC: D方法实例化没找到模型类Portal\Model\PostsModel
NOTIC: D方法实例化没找到模型类Portal\Model\SignUpModel
NOTIC: D方法实例化没找到模型类Common\Model\MessageContentModel
NOTIC: D方法实例化没找到模型类Common\Model\ReplyModel

[ 2019-01-08T15:17:48+08:00 ] 180.161.118.229 /index.php?g=Portal&m=AdminPost&a=article&menuid=199
NOTIC: D方法实例化没找到模型类Portal\Model\PostsModel
NOTIC: D方法实例化没找到模型类Portal\Model\SignUpModel
NOTIC: D方法实例化没找到模型类Common\Model\MessageContentModel
NOTIC: D方法实例化没找到模型类Common\Model\ReplyModel

